Godot Engine v4.2.2.stable.mono.official.15073afe3 - https://godotengine.org
Vulkan API 1.3.270 - Forward+ - Using Vulkan Device #0: AMD - AMD Radeon RX 7900 XT
 
Selected block type: Stone
Mesh generated with vertices: 23616 and indices: 35424
Destroying block at: (14.43868, 18.81304, 23.88616)
Destroying block at grid position: (7, 9, 11)
Clearing old mesh and collision shapes...
Old children cleared. Regenerating chunk mesh...
Mesh generated with vertices: 23616 and indices: 35424
Camera found: Camera3D Position: (14.43868, 26.3808, 23.88616)
Light found: DirectionalLight3D Position: (-360.801, 164.306, -166.525)
Playing animation: arm_move
Destroying block at: (14.54462, 18.81304, 21.13496)
Destroying block at grid position: (7, 9, 10)
Clearing old mesh and collision shapes...
Old children cleared. Regenerating chunk mesh...
Mesh generated with vertices: 23616 and indices: 35424
Camera found: Camera3D Position: (14.4401, 23.28567, 23.88417)
Light found: DirectionalLight3D Position: (-360.801, 164.306, -166.525)
Playing animation: arm_move
Destroying block at: (14.69651, 19.7678, 19)
Destroying block at grid position: (7, 9, 9)
Clearing old mesh and collision shapes...
Old children cleared. Regenerating chunk mesh...
Mesh generated with vertices: 23616 and indices: 35424
Camera found: Camera3D Position: (14.43974, 23.28567, 23.88472)
Light found: DirectionalLight3D Position: (-360.801, 164.306, -166.525)
Playing animation: arm_move
Placing block at: (12.66093, 20.81304, 19.48837)
Placing block at grid position: (6, 10, 9) with type: Stone
Clearing old mesh and collision shapes...
Old children cleared. Regenerating chunk mesh...
Mesh generated with vertices: 23640 and indices: 35460
Camera found: Camera3D Position: (14.44356, 23.28567, 23.8749)
Light found: DirectionalLight3D Position: (-360.801, 164.306, -166.525)
Playing animation: arm_move
Destroying block at: (12.88683, 20.17128, 19)
Destroying block at grid position: (6, 10, 9)
Clearing old mesh and collision shapes...
Old children cleared. Regenerating chunk mesh...
Mesh generated with vertices: 23616 and indices: 35424
Camera found: Camera3D Position: (14.44355, 23.28567, 23.87499)
Light found: DirectionalLight3D Position: (-360.801, 164.306, -166.525)
Playing animation: arm_move
Placing block at: (12.89742, 20.81304, 19.7431)
Placing block at grid position: (6, 10, 9) with type: Stone
Clearing old mesh and collision shapes...
Old children cleared. Regenerating chunk mesh...
Mesh generated with vertices: 23640 and indices: 35460
Camera found: Camera3D Position: (14.44345, 23.28567, 23.8756)
Light found: DirectionalLight3D Position: (-360.801, 164.306, -166.525)
Playing animation: arm_move
Destroying block at: (13.01113, 20.04704, 19)
Destroying block at grid position: (6, 10, 9)
Clearing old mesh and collision shapes...
Old children cleared. Regenerating chunk mesh...
Mesh generated with vertices: 23616 and indices: 35424
Camera found: Camera3D Position: (14.44344, 23.28567, 23.87564)
Light found: DirectionalLight3D Position: (-360.801, 164.306, -166.525)
Playing animation: arm_move
Placing block at: (12.85968, 20.81304, 19.71821)
Placing block at grid position: (6, 10, 9) with type: Stone
Clearing old mesh and collision shapes...
Old children cleared. Regenerating chunk mesh...
Mesh generated with vertices: 23640 and indices: 35460
Camera found: Camera3D Position: (14.44348, 23.28567, 23.87541)
Light found: DirectionalLight3D Position: (-360.801, 164.306, -166.525)
Playing animation: arm_move
Destroying block at: (12.96704, 20.04843, 19)
Destroying block at grid position: (6, 10, 9)
Clearing old mesh and collision shapes...
Old children cleared. Regenerating chunk mesh...
Mesh generated with vertices: 23616 and indices: 35424
Camera found: Camera3D Position: (14.44348, 23.28567, 23.87541)
Light found: DirectionalLight3D Position: (-360.801, 164.306, -166.525)
Playing animation: arm_move
Placing block at: (12.88855, 20.81304, 18.6366)
Placing block at grid position: (6, 10, 9) with type: Stone
Clearing old mesh and collision shapes...
Old children cleared. Regenerating chunk mesh...
Mesh generated with vertices: 23640 and indices: 35460
Camera found: Camera3D Position: (9.85088, 23.4341, 22.99223)
Light found: DirectionalLight3D Position: (-360.801, 164.306, -166.525)
Playing animation: arm_move
Destroying block at: (13, 21.01944, 19.26997)
Destroying block at grid position: (6, 10, 9)
Clearing old mesh and collision shapes...
Old children cleared. Regenerating chunk mesh...
Mesh generated with vertices: 23616 and indices: 35424
Camera found: Camera3D Position: (6.961636, 23.14405, 18.64593)
Light found: DirectionalLight3D Position: (-360.801, 164.306, -166.525)
Playing animation: arm_move
Placing block at: (13.54465, 20.81304, 22.97481)
Placing block at grid position: (6, 10, 11) with type: Stone
Clearing old mesh and collision shapes...
Old children cleared. Regenerating chunk mesh...
Mesh generated with vertices: 23640 and indices: 35460
Camera found: Camera3D Position: (6.609535, 23.35422, 22.84797)
Light found: DirectionalLight3D Position: (-360.801, 164.306, -166.525)
Playing animation: arm_move
Destroying block at: (13, 20.73004, 23.16988)
Destroying block at grid position: (6, 10, 11)
Clearing old mesh and collision shapes...
Old children cleared. Regenerating chunk mesh...
Mesh generated with vertices: 23616 and indices: 35424
Camera found: Camera3D Position: (6.34154, 23.42343, 23.83793)
Light found: DirectionalLight3D Position: (-360.801, 164.306, -166.525)
Playing animation: arm_move
Placing block at: (13.38855, 20.81304, 18.84107)
Placing block at grid position: (6, 10, 9) with type: Stone
Clearing old mesh and collision shapes...
Old children cleared. Regenerating chunk mesh...
Mesh generated with vertices: 23640 and indices: 35460
Camera found: Camera3D Position: (5.969257, 23.30612, 19.24708)
Light found: DirectionalLight3D Position: (-360.801, 164.306, -166.525)
Playing animation: arm_move
Destroying block at: (13, 20.66791, 19.77783)
Destroying block at grid position: (6, 10, 9)
Clearing old mesh and collision shapes...
Old children cleared. Regenerating chunk mesh...
Mesh generated with vertices: 23616 and indices: 35424
Camera found: Camera3D Position: (5.884238, 23.34344, 19.88567)
Light found: DirectionalLight3D Position: (-360.801, 164.306, -166.525)
Playing animation: arm_move
Placing block at: (12.85805, 20.81304, 20.64742)
Placing block at grid position: (6, 10, 10) with type: Stone
Clearing old mesh and collision shapes...
Old children cleared. Regenerating chunk mesh...
Mesh generated with vertices: 23640 and indices: 35460
Camera found: Camera3D Position: (5.92339, 23.39223, 21.76935)
Light found: DirectionalLight3D Position: (-360.801, 164.306, -166.525)
Playing animation: arm_move
Destroying block at: (12.37451, 21.44528, 21)
Destroying block at grid position: (6, 10, 10)
Clearing old mesh and collision shapes...
Old children cleared. Regenerating chunk mesh...
Mesh generated with vertices: 23616 and indices: 35424
Camera found: Camera3D Position: (9.485549, 23.36606, 18.45249)
Light found: DirectionalLight3D Position: (-360.801, 164.306, -166.525)
Playing animation: arm_move
Placing block at: (12.94726, 20.81304, 22.8153)
Placing block at grid position: (6, 10, 11) with type: Stone
Clearing old mesh and collision shapes...
Old children cleared. Regenerating chunk mesh...
Mesh generated with vertices: 23640 and indices: 35460
Camera found: Camera3D Position: (9.617826, 23.14397, 20.75568)
Light found: DirectionalLight3D Position: (-360.801, 164.306, -166.525)
Playing animation: arm_move
Destroying block at: (13, 21.24788, 23.63898)
Destroying block at grid position: (6, 10, 11)
Clearing old mesh and collision shapes...
Old children cleared. Regenerating chunk mesh...
Mesh generated with vertices: 23616 and indices: 35424
Camera found: Camera3D Position: (8.610765, 23.40042, 25.09253)
Light found: DirectionalLight3D Position: (-360.801, 164.306, -166.525)
Playing animation: arm_move
