Godot Engine v4.2.2.stable.mono.official.15073afe3 - https://godotengine.org
Vulkan API 1.4.308 - Forward+ - Using Vulkan Device #0: AMD - AMD Radeon RX 7900 XT
Requested V-Sync mode: Enabled - FPS will likely be capped to the monitor refresh rate.
 
Spawning chunk at (0, 0, 0)
Spawning chunk at (1, 0, 0)
Spawning chunk at (-1, 0, 0)
Spawning chunk at (0, 0, 1)
Meshing chunk at (0, 0, 0)
Chunk generated with 236 vertices, 354 indices
Checking if chunk at(0, 0, 0)is ready to mesh
Spawning chunk at (0, 0, -1)
Spawning chunk at (1, 0, 1)
Spawning chunk at (1, 0, -1)
Spawning chunk at (-1, 0, -1)
Spawning chunk at (-1, 0, 1)
Meshing chunk at (0, 0, -16)
Chunk generated with 288 vertices, 432 indices
Checking if chunk at(0, 0, -1)is ready to mesh
Spawning chunk at (0, 0, -2)
Meshing chunk at (0, 0, 16)
Chunk generated with 336 vertices, 504 indices
Checking if chunk at(0, 0, 1)is ready to mesh
Spawning chunk at (0, 0, 2)
Meshing chunk at (16, 0, 0)
Chunk generated with 248 vertices, 372 indices
Checking if chunk at(1, 0, 0)is ready to mesh
Spawning chunk at (2, 0, 0)
Meshing chunk at (-16, 0, 0)
Chunk generated with 336 vertices, 504 indices
Checking if chunk at(-1, 0, 0)is ready to mesh
Spawning chunk at (-2, 0, 0)
Spawning chunk at (-1, 0, 2)
Spawning chunk at (-1, 0, -2)
Spawning chunk at (1, 0, -2)
Spawning chunk at (2, 0, 1)
Meshing chunk at (16, 0, 16)
Chunk generated with 256 vertices, 384 indices
Checking if chunk at(1, 0, 1)is ready to mesh
Spawning chunk at (1, 0, 2)
Meshing chunk at (16, 0, -16)
Chunk generated with 320 vertices, 480 indices
Checking if chunk at(1, 0, -1)is ready to mesh
Spawning chunk at (2, 0, -1)
Meshing chunk at (-16, 0, 16)
Chunk generated with 272 vertices, 408 indices
Checking if chunk at(-1, 0, 1)is ready to mesh
Spawning chunk at (-2, 0, 1)
Meshing chunk at (-16, 0, -16)
Chunk generated with 316 vertices, 474 indices
Checking if chunk at(-1, 0, -1)is ready to mesh
Spawning chunk at (-2, 0, -1)
Spawning chunk at (2, 0, 2)
Spawning chunk at (2, 0, -2)
Spawning chunk at (-2, 0, -2)
Spawning chunk at (-2, 0, 2)
Meshing chunk at (-32, 0, 0)
Chunk generated with 312 vertices, 468 indices
Checking if chunk at(-2, 0, 0)is ready to mesh
Spawning chunk at (-3, 0, 0)
Meshing chunk at (0, 0, 32)
Chunk generated with 356 vertices, 534 indices
Checking if chunk at(0, 0, 2)is ready to mesh
Spawning chunk at (0, 0, 3)
Meshing chunk at (0, 0, -32)
Chunk generated with 216 vertices, 324 indices
Checking if chunk at(0, 0, -2)is ready to mesh
Spawning chunk at (0, 0, -3)
Meshing chunk at (32, 0, 0)
Chunk generated with 344 vertices, 516 indices
Checking if chunk at(2, 0, 0)is ready to mesh
Spawning chunk at (3, 0, 0)
Meshing chunk at (-16, 0, 32)
Chunk generated with 452 vertices, 678 indices
Checking if chunk at(-1, 0, 2)is ready to mesh
Spawning chunk at (-1, 0, 3)
Meshing chunk at (32, 0, 16)
Chunk generated with 276 vertices, 414 indices
Checking if chunk at(2, 0, 1)is ready to mesh
Spawning chunk at (3, 0, 1)
Meshing chunk at (-16, 0, -32)
Chunk generated with 308 vertices, 462 indices
Checking if chunk at(-1, 0, -2)is ready to mesh
Spawning chunk at (-1, 0, -3)
Meshing chunk at (16, 0, -32)
Chunk generated with 384 vertices, 576 indices
Checking if chunk at(1, 0, -2)is ready to mesh
Spawning chunk at (1, 0, -3)
Meshing chunk at (32, 0, -16)
Chunk generated with 264 vertices, 396 indices
Checking if chunk at(2, 0, -1)is ready to mesh
Spawning chunk at (3, 0, -1)
Meshing chunk at (16, 0, 32)
Chunk generated with 308 vertices, 462 indices
Checking if chunk at(1, 0, 2)is ready to mesh
Spawning chunk at (1, 0, 3)
Meshing chunk at (-32, 0, -16)
Chunk generated with 296 vertices, 444 indices
Checking if chunk at(-2, 0, -1)is ready to mesh
Spawning chunk at (-3, 0, -1)
Meshing chunk at (-32, 0, 16)
Chunk generated with 356 vertices, 534 indices
Checking if chunk at(-2, 0, 1)is ready to mesh
Spawning chunk at (-3, 0, 1)
Spawning chunk at (-2, 0, 3)
Spawning chunk at (3, 0, 2)
Spawning chunk at (-2, 0, -3)
Spawning chunk at (2, 0, -3)
Meshing chunk at (-32, 0, 32)
Chunk generated with 372 vertices, 558 indices
Checking if chunk at(-2, 0, 2)is ready to mesh
Spawning chunk at (-3, 0, 2)
Meshing chunk at (32, 0, 32)
Chunk generated with 300 vertices, 450 indices
Checking if chunk at(2, 0, 2)is ready to mesh
Spawning chunk at (2, 0, 3)
Meshing chunk at (32, 0, -32)
Chunk generated with 416 vertices, 624 indices
Checking if chunk at(2, 0, -2)is ready to mesh
Spawning chunk at (3, 0, -2)
Meshing chunk at (-32, 0, -32)
Chunk generated with 288 vertices, 432 indices
Checking if chunk at(-2, 0, -2)is ready to mesh
Spawning chunk at (-3, 0, -2)
Meshing chunk at (0, 0, -48)
Chunk generated with 328 vertices, 492 indices
Checking if chunk at(0, 0, -3)is ready to mesh
Spawning chunk at (0, 0, -4)
Meshing chunk at (-48, 0, 0)
Chunk generated with 204 vertices, 306 indices
Checking if chunk at(-3, 0, 0)is ready to mesh
Spawning chunk at (-4, 0, 0)
Meshing chunk at (48, 0, 0)
Chunk generated with 344 vertices, 516 indices
Checking if chunk at(3, 0, 0)is ready to mesh
Spawning chunk at (4, 0, 0)
Meshing chunk at (0, 0, 48)
Chunk generated with 320 vertices, 480 indices
Checking if chunk at(0, 0, 3)is ready to mesh
Spawning chunk at (0, 0, 4)
Meshing chunk at (-48, 0, -16)
Chunk generated with 280 vertices, 420 indices
Checking if chunk at(-3, 0, -1)is ready to mesh
Spawning chunk at (-4, 0, -1)
Meshing chunk at (16, 0, -48)
Chunk generated with 372 vertices, 558 indices
Checking if chunk at(1, 0, -3)is ready to mesh
Spawning chunk at (1, 0, -4)
Meshing chunk at (-16, 0, 48)
Chunk generated with 304 vertices, 456 indices
Checking if chunk at(-1, 0, 3)is ready to mesh
Spawning chunk at (-1, 0, 4)
Meshing chunk at (48, 0, -16)
Chunk generated with 316 vertices, 474 indices
Checking if chunk at(3, 0, -1)is ready to mesh
Spawning chunk at (4, 0, -1)
Meshing chunk at (16, 0, 48)
Chunk generated with 288 vertices, 432 indices
Checking if chunk at(1, 0, 3)is ready to mesh
Spawning chunk at (1, 0, 4)
Meshing chunk at (-16, 0, -48)
Chunk generated with 372 vertices, 558 indices
Checking if chunk at(-1, 0, -3)is ready to mesh
Spawning chunk at (-1, 0, -4)
Meshing chunk at (-48, 0, 16)
Chunk generated with 256 vertices, 384 indices
Checking if chunk at(-3, 0, 1)is ready to mesh
Spawning chunk at (-4, 0, 1)
Meshing chunk at (48, 0, 16)
Chunk generated with 168 vertices, 252 indices
Checking if chunk at(3, 0, 1)is ready to mesh
Spawning chunk at (4, 0, 1)
Spawning chunk at (3, 0, 3)
Spawning chunk at (-3, 0, 3)
Spawning chunk at (3, 0, -3)
Spawning chunk at (-3, 0, -3)
Meshing chunk at (-48, 0, 32)
Chunk generated with 388 vertices, 582 indices
Checking if chunk at(-3, 0, 2)is ready to mesh
Spawning chunk at (-4, 0, 2)
Meshing chunk at (32, 0, -48)
Chunk generated with 364 vertices, 546 indices
Checking if chunk at(2, 0, -3)is ready to mesh
Spawning chunk at (2, 0, -4)
Meshing chunk at (48, 0, -32)
Chunk generated with 332 vertices, 498 indices
Checking if chunk at(3, 0, -2)is ready to mesh
Spawning chunk at (4, 0, -2)
Meshing chunk at (32, 0, 48)
Chunk generated with 336 vertices, 504 indices
Checking if chunk at(2, 0, 3)is ready to mesh
Spawning chunk at (2, 0, 4)
Meshing chunk at (48, 0, 32)
Chunk generated with 252 vertices, 378 indices
Checking if chunk at(3, 0, 2)is ready to mesh
Spawning chunk at (4, 0, 2)
Meshing chunk at (-48, 0, -32)
Chunk generated with 352 vertices, 528 indices
Checking if chunk at(-3, 0, -2)is ready to mesh
Spawning chunk at (-4, 0, -2)
Meshing chunk at (-32, 0, -48)
Chunk generated with 344 vertices, 516 indices
Checking if chunk at(-2, 0, -3)is ready to mesh
Spawning chunk at (-2, 0, -4)
Meshing chunk at (-32, 0, 48)
Chunk generated with 412 vertices, 618 indices
Checking if chunk at(-2, 0, 3)is ready to mesh
Spawning chunk at (-2, 0, 4)
Meshing chunk at (0, 0, 64)
Chunk generated with 376 vertices, 564 indices
Checking if chunk at(0, 0, 4)is ready to mesh
Spawning chunk at (0, 0, 5)
Spawning chunk at (-4, 0, 3)
Spawning chunk at (-4, 0, -3)
Meshing chunk at (64, 0, 0)
Chunk generated with 196 vertices, 294 indices
Checking if chunk at(4, 0, 0)is ready to mesh
Spawning chunk at (5, 0, 0)
Meshing chunk at (-64, 0, 0)
Chunk generated with 272 vertices, 408 indices
Checking if chunk at(-4, 0, 0)is ready to mesh
Spawning chunk at (-5, 0, 0)
Spawning chunk at (3, 0, 4)
Meshing chunk at (-48, 0, -48)
Chunk generated with 308 vertices, 462 indices
Checking if chunk at(-3, 0, -3)is ready to mesh
Spawning chunk at (-3, 0, -4)
Spawning chunk at (3, 0, -4)
Meshing chunk at (48, 0, -48)
Chunk generated with 372 vertices, 558 indices
Checking if chunk at(3, 0, -3)is ready to mesh
Spawning chunk at (4, 0, -3)
Meshing chunk at (0, 0, -64)
Chunk generated with 404 vertices, 606 indices
Checking if chunk at(0, 0, -4)is ready to mesh
Spawning chunk at (0, 0, -5)
Meshing chunk at (-48, 0, 48)
Chunk generated with 392 vertices, 588 indices
Checking if chunk at(-3, 0, 3)is ready to mesh
Spawning chunk at (-3, 0, 4)
Meshing chunk at (48, 0, 48)
Chunk generated with 304 vertices, 456 indices
Checking if chunk at(3, 0, 3)is ready to mesh
Spawning chunk at (4, 0, 3)
Meshing chunk at (64, 0, -16)
Chunk generated with 320 vertices, 480 indices
Checking if chunk at(4, 0, -1)is ready to mesh
Spawning chunk at (5, 0, -1)
Meshing chunk at (64, 0, 16)
Chunk generated with 252 vertices, 378 indices
Checking if chunk at(4, 0, 1)is ready to mesh
Spawning chunk at (5, 0, 1)
Meshing chunk at (-16, 0, 64)
Chunk generated with 308 vertices, 462 indices
Checking if chunk at(-1, 0, 4)is ready to mesh
Spawning chunk at (-1, 0, 5)
Meshing chunk at (16, 0, -64)
Chunk generated with 328 vertices, 492 indices
Checking if chunk at(1, 0, -4)is ready to mesh
Spawning chunk at (1, 0, -5)
Meshing chunk at (16, 0, 64)
Chunk generated with 284 vertices, 426 indices
Checking if chunk at(1, 0, 4)is ready to mesh
Spawning chunk at (1, 0, 5)
Meshing chunk at (-64, 0, -16)
Chunk generated with 384 vertices, 576 indices
Checking if chunk at(-4, 0, -1)is ready to mesh
Spawning chunk at (-5, 0, -1)
Meshing chunk at (-64, 0, 16)
Chunk generated with 224 vertices, 336 indices
Checking if chunk at(-4, 0, 1)is ready to mesh
Spawning chunk at (-5, 0, 1)
Meshing chunk at (-16, 0, -64)
Chunk generated with 396 vertices, 594 indices
Checking if chunk at(-1, 0, -4)is ready to mesh
Spawning chunk at (-1, 0, -5)
Meshing chunk at (-32, 0, 64)
Chunk generated with 176 vertices, 264 indices
Checking if chunk at(-2, 0, 4)is ready to mesh
Spawning chunk at (-2, 0, 5)
Meshing chunk at (-64, 0, 32)
Chunk generated with 392 vertices, 588 indices
Checking if chunk at(-4, 0, 2)is ready to mesh
Spawning chunk at (-5, 0, 2)
Meshing chunk at (64, 0, 32)
Chunk generated with 316 vertices, 474 indices
Checking if chunk at(4, 0, 2)is ready to mesh
Spawning chunk at (5, 0, 2)
Meshing chunk at (64, 0, -32)
Chunk generated with 296 vertices, 444 indices
Checking if chunk at(4, 0, -2)is ready to mesh
Spawning chunk at (5, 0, -2)
Meshing chunk at (32, 0, -64)
Chunk generated with 320 vertices, 480 indices
Checking if chunk at(2, 0, -4)is ready to mesh
Spawning chunk at (2, 0, -5)
Meshing chunk at (-32, 0, -64)
Chunk generated with 352 vertices, 528 indices
Checking if chunk at(-2, 0, -4)is ready to mesh
Spawning chunk at (-2, 0, -5)
Meshing chunk at (32, 0, 64)
Chunk generated with 344 vertices, 516 indices
Checking if chunk at(2, 0, 4)is ready to mesh
Spawning chunk at (2, 0, 5)
Meshing chunk at (-64, 0, -32)
Chunk generated with 404 vertices, 606 indices
Checking if chunk at(-4, 0, -2)is ready to mesh
Spawning chunk at (-5, 0, -2)
Spawning chunk at (-4, 0, -4)
Spawning chunk at (4, 0, 4)
Spawning chunk at (4, 0, -4)
Spawning chunk at (-4, 0, 4)
Meshing chunk at (-64, 0, 48)
Chunk generated with 352 vertices, 528 indices
Checking if chunk at(-4, 0, 3)is ready to mesh
Spawning chunk at (-5, 0, 3)
Meshing chunk at (48, 0, 64)
Chunk generated with 252 vertices, 378 indices
Checking if chunk at(3, 0, 4)is ready to mesh
Spawning chunk at (3, 0, 5)
Meshing chunk at (48, 0, -64)
Chunk generated with 292 vertices, 438 indices
Checking if chunk at(3, 0, -4)is ready to mesh
Spawning chunk at (3, 0, -5)
Meshing chunk at (-64, 0, -48)
Chunk generated with 352 vertices, 528 indices
Checking if chunk at(-4, 0, -3)is ready to mesh
Spawning chunk at (-5, 0, -3)
Meshing chunk at (-48, 0, 64)
Chunk generated with 300 vertices, 450 indices
Checking if chunk at(-3, 0, 4)is ready to mesh
Spawning chunk at (-3, 0, 5)
Meshing chunk at (-48, 0, -64)
Chunk generated with 340 vertices, 510 indices
Checking if chunk at(-3, 0, -4)is ready to mesh
Spawning chunk at (-3, 0, -5)
Meshing chunk at (64, 0, -48)
Chunk generated with 364 vertices, 546 indices
Checking if chunk at(4, 0, -3)is ready to mesh
Spawning chunk at (5, 0, -3)
Meshing chunk at (64, 0, 48)
Chunk generated with 272 vertices, 408 indices
Checking if chunk at(4, 0, 3)is ready to mesh
Spawning chunk at (5, 0, 3)
Meshing chunk at (80, 0, 0)
Chunk generated with 220 vertices, 330 indices
Checking if chunk at(5, 0, 0)is ready to mesh
Spawning chunk at (6, 0, 0)
Meshing chunk at (0, 0, 80)
Chunk generated with 280 vertices, 420 indices
Checking if chunk at(0, 0, 5)is ready to mesh
Spawning chunk at (0, 0, 6)
Meshing chunk at (-80, 0, 0)
Chunk generated with 372 vertices, 558 indices
Checking if chunk at(-5, 0, 0)is ready to mesh
Spawning chunk at (-6, 0, 0)
Meshing chunk at (0, 0, -80)
Chunk generated with 296 vertices, 444 indices
Checking if chunk at(0, 0, -5)is ready to mesh
Spawning chunk at (0, 0, -6)
Meshing chunk at (-16, 0, 80)
Chunk generated with 212 vertices, 318 indices
Checking if chunk at(-1, 0, 5)is ready to mesh
Spawning chunk at (-1, 0, 6)
Meshing chunk at (-16, 0, -80)
Chunk generated with 324 vertices, 486 indices
Checking if chunk at(-1, 0, -5)is ready to mesh
Spawning chunk at (-1, 0, -6)
Meshing chunk at (16, 0, -80)
Chunk generated with 240 vertices, 360 indices
Checking if chunk at(1, 0, -5)is ready to mesh
Spawning chunk at (1, 0, -6)
Meshing chunk at (16, 0, 80)
Chunk generated with 344 vertices, 516 indices
Checking if chunk at(1, 0, 5)is ready to mesh
Spawning chunk at (1, 0, 6)
Meshing chunk at (80, 0, -16)
Chunk generated with 344 vertices, 516 indices
Checking if chunk at(5, 0, -1)is ready to mesh
Spawning chunk at (6, 0, -1)
Meshing chunk at (80, 0, 16)
Chunk generated with 276 vertices, 414 indices
Checking if chunk at(5, 0, 1)is ready to mesh
Spawning chunk at (6, 0, 1)
Meshing chunk at (-80, 0, 16)
Chunk generated with 312 vertices, 468 indices
Checking if chunk at(-5, 0, 1)is ready to mesh
Spawning chunk at (-6, 0, 1)
Meshing chunk at (-80, 0, -16)
Chunk generated with 372 vertices, 558 indices
Checking if chunk at(-5, 0, -1)is ready to mesh
Spawning chunk at (-6, 0, -1)
Meshing chunk at (-32, 0, 80)
Chunk generated with 272 vertices, 408 indices
Checking if chunk at(-2, 0, 5)is ready to mesh
Spawning chunk at (-2, 0, 6)
Meshing chunk at (32, 0, -80)
Chunk generated with 188 vertices, 282 indices
Checking if chunk at(2, 0, -5)is ready to mesh
Spawning chunk at (2, 0, -6)
Meshing chunk at (80, 0, -32)
Chunk generated with 312 vertices, 468 indices
Checking if chunk at(5, 0, -2)is ready to mesh
Spawning chunk at (6, 0, -2)
Meshing chunk at (-32, 0, -80)
Chunk generated with 288 vertices, 432 indices
Checking if chunk at(-2, 0, -5)is ready to mesh
Spawning chunk at (-2, 0, -6)
Meshing chunk at (32, 0, 80)
Chunk generated with 356 vertices, 534 indices
Checking if chunk at(2, 0, 5)is ready to mesh
Spawning chunk at (2, 0, 6)
Meshing chunk at (80, 0, 32)
Chunk generated with 352 vertices, 528 indices
Checking if chunk at(5, 0, 2)is ready to mesh
Spawning chunk at (6, 0, 2)
Meshing chunk at (-80, 0, 32)
Chunk generated with 348 vertices, 522 indices
Checking if chunk at(-5, 0, 2)is ready to mesh
Spawning chunk at (-6, 0, 2)
Meshing chunk at (-80, 0, -32)
Chunk generated with 360 vertices, 540 indices
Checking if chunk at(-5, 0, -2)is ready to mesh
Spawning chunk at (-6, 0, -2)
Spawning chunk at (-4, 0, 5)
Spawning chunk at (5, 0, 4)
Spawning chunk at (-4, 0, -5)
Meshing chunk at (64, 0, 64)
Chunk generated with 260 vertices, 390 indices
Checking if chunk at(4, 0, 4)is ready to mesh
Spawning chunk at (4, 0, 5)
Spawning chunk at (5, 0, -4)
Meshing chunk at (-64, 0, -64)
Chunk generated with 316 vertices, 474 indices
Checking if chunk at(-4, 0, -4)is ready to mesh
Spawning chunk at (-5, 0, -4)
Meshing chunk at (-64, 0, 64)
Chunk generated with 272 vertices, 408 indices
Checking if chunk at(-4, 0, 4)is ready to mesh
Spawning chunk at (-5, 0, 4)
Meshing chunk at (64, 0, -64)
Chunk generated with 256 vertices, 384 indices
Checking if chunk at(4, 0, -4)is ready to mesh
Spawning chunk at (4, 0, -5)
Meshing chunk at (-48, 0, 80)
Chunk generated with 360 vertices, 540 indices
Checking if chunk at(-3, 0, 5)is ready to mesh
Spawning chunk at (-3, 0, 6)
Meshing chunk at (80, 0, 48)
Chunk generated with 224 vertices, 336 indices
Checking if chunk at(5, 0, 3)is ready to mesh
Spawning chunk at (6, 0, 3)
Meshing chunk at (48, 0, -80)
Chunk generated with 148 vertices, 222 indices
Checking if chunk at(3, 0, -5)is ready to mesh
Spawning chunk at (3, 0, -6)
Meshing chunk at (48, 0, 80)
Chunk generated with 260 vertices, 390 indices
Checking if chunk at(3, 0, 5)is ready to mesh
Spawning chunk at (3, 0, 6)
Meshing chunk at (80, 0, -48)
Chunk generated with 340 vertices, 510 indices
Checking if chunk at(5, 0, -3)is ready to mesh
Spawning chunk at (6, 0, -3)
Meshing chunk at (-48, 0, -80)
Chunk generated with 452 vertices, 678 indices
Checking if chunk at(-3, 0, -5)is ready to mesh
Spawning chunk at (-3, 0, -6)
Meshing chunk at (-80, 0, 48)
Chunk generated with 280 vertices, 420 indices
Checking if chunk at(-5, 0, 3)is ready to mesh
Spawning chunk at (-6, 0, 3)
Meshing chunk at (-80, 0, -48)
Chunk generated with 388 vertices, 582 indices
Checking if chunk at(-5, 0, -3)is ready to mesh
Spawning chunk at (-6, 0, -3)
Meshing chunk at (0, 0, -96)
Chunk generated with 124 vertices, 186 indices
Checking if chunk at(0, 0, -6)is ready to mesh
Spawning chunk at (0, 0, -7)
Meshing chunk at (-96, 0, 0)
Chunk generated with 344 vertices, 516 indices
Checking if chunk at(-6, 0, 0)is ready to mesh
Spawning chunk at (-7, 0, 0)
Meshing chunk at (96, 0, 0)
Chunk generated with 364 vertices, 546 indices
Checking if chunk at(6, 0, 0)is ready to mesh
Spawning chunk at (7, 0, 0)
Meshing chunk at (0, 0, 96)
Chunk generated with 296 vertices, 444 indices
Checking if chunk at(0, 0, 6)is ready to mesh
Spawning chunk at (0, 0, 7)
Spawning chunk at (-5, 0, 5)
Spawning chunk at (5, 0, -5)
Meshing chunk at (-16, 0, 96)
Chunk generated with 392 vertices, 588 indices
Checking if chunk at(-1, 0, 6)is ready to mesh
Spawning chunk at (-1, 0, 7)
Meshing chunk at (96, 0, 16)
Chunk generated with 196 vertices, 294 indices
Checking if chunk at(6, 0, 1)is ready to mesh
Spawning chunk at (7, 0, 1)
Meshing chunk at (96, 0, -16)
Chunk generated with 360 vertices, 540 indices
Checking if chunk at(6, 0, -1)is ready to mesh
Spawning chunk at (7, 0, -1)
Spawning chunk at (-5, 0, -5)
Meshing chunk at (-16, 0, -96)
Chunk generated with 444 vertices, 666 indices
Checking if chunk at(-1, 0, -6)is ready to mesh
Spawning chunk at (-1, 0, -7)
Meshing chunk at (16, 0, -96)
Chunk generated with 272 vertices, 408 indices
Checking if chunk at(1, 0, -6)is ready to mesh
Spawning chunk at (1, 0, -7)
Spawning chunk at (5, 0, 5)
Meshing chunk at (-96, 0, -16)
Chunk generated with 264 vertices, 396 indices
Checking if chunk at(-6, 0, -1)is ready to mesh
Spawning chunk at (-7, 0, -1)
Meshing chunk at (-96, 0, 16)
Chunk generated with 320 vertices, 480 indices
Checking if chunk at(-6, 0, 1)is ready to mesh
Spawning chunk at (-7, 0, 1)
Meshing chunk at (16, 0, 96)
Chunk generated with 280 vertices, 420 indices
Checking if chunk at(1, 0, 6)is ready to mesh
Spawning chunk at (1, 0, 7)
Meshing chunk at (64, 0, -80)
Chunk generated with 252 vertices, 378 indices
Checking if chunk at(4, 0, -5)is ready to mesh
Spawning chunk at (4, 0, -6)
Meshing chunk at (80, 0, -64)
Chunk generated with 400 vertices, 600 indices
Checking if chunk at(5, 0, -4)is ready to mesh
Spawning chunk at (6, 0, -4)
Meshing chunk at (-64, 0, 80)
Chunk generated with 320 vertices, 480 indices
Checking if chunk at(-4, 0, 5)is ready to mesh
Spawning chunk at (-4, 0, 6)
Meshing chunk at (-80, 0, 64)
Chunk generated with 332 vertices, 498 indices
Checking if chunk at(-5, 0, 4)is ready to mesh
Spawning chunk at (-6, 0, 4)
Meshing chunk at (-64, 0, -80)
Chunk generated with 324 vertices, 486 indices
Checking if chunk at(-4, 0, -5)is ready to mesh
Spawning chunk at (-4, 0, -6)
Meshing chunk at (64, 0, 80)
Chunk generated with 164 vertices, 246 indices
Checking if chunk at(4, 0, 5)is ready to mesh
Spawning chunk at (4, 0, 6)
Meshing chunk at (80, 0, 64)
Chunk generated with 208 vertices, 312 indices
Checking if chunk at(5, 0, 4)is ready to mesh
Spawning chunk at (6, 0, 4)
Meshing chunk at (-80, 0, -64)
Chunk generated with 364 vertices, 546 indices
Checking if chunk at(-5, 0, -4)is ready to mesh
Spawning chunk at (-6, 0, -4)
Meshing chunk at (-32, 0, -96)
Chunk generated with 268 vertices, 402 indices
Checking if chunk at(-2, 0, -6)is ready to mesh
Spawning chunk at (-2, 0, -7)
Meshing chunk at (-96, 0, 32)
Chunk generated with 384 vertices, 576 indices
Checking if chunk at(-6, 0, 2)is ready to mesh
Spawning chunk at (-7, 0, 2)
Meshing chunk at (32, 0, 96)
Chunk generated with 280 vertices, 420 indices
Checking if chunk at(2, 0, 6)is ready to mesh
Spawning chunk at (2, 0, 7)
Meshing chunk at (96, 0, -32)
Chunk generated with 380 vertices, 570 indices
Checking if chunk at(6, 0, -2)is ready to mesh
Spawning chunk at (7, 0, -2)
Meshing chunk at (32, 0, -96)
Chunk generated with 228 vertices, 342 indices
Checking if chunk at(2, 0, -6)is ready to mesh
Spawning chunk at (2, 0, -7)
Meshing chunk at (96, 0, 32)
Chunk generated with 324 vertices, 486 indices
Checking if chunk at(6, 0, 2)is ready to mesh
Spawning chunk at (7, 0, 2)
Meshing chunk at (-96, 0, -32)
Chunk generated with 388 vertices, 582 indices
Checking if chunk at(-6, 0, -2)is ready to mesh
Spawning chunk at (-7, 0, -2)
Meshing chunk at (-32, 0, 96)
Chunk generated with 304 vertices, 456 indices
Checking if chunk at(-2, 0, 6)is ready to mesh
Spawning chunk at (-2, 0, 7)
Meshing chunk at (48, 0, -96)
Chunk generated with 352 vertices, 528 indices
Checking if chunk at(3, 0, -6)is ready to mesh
Spawning chunk at (3, 0, -7)
Meshing chunk at (48, 0, 96)
Chunk generated with 276 vertices, 414 indices
Checking if chunk at(3, 0, 6)is ready to mesh
Spawning chunk at (3, 0, 7)
Meshing chunk at (96, 0, 48)
Chunk generated with 256 vertices, 384 indices
Checking if chunk at(6, 0, 3)is ready to mesh
Spawning chunk at (7, 0, 3)
Meshing chunk at (-96, 0, -48)
Chunk generated with 300 vertices, 450 indices
Checking if chunk at(-6, 0, -3)is ready to mesh
Spawning chunk at (-7, 0, -3)
Meshing chunk at (-48, 0, 96)
Chunk generated with 304 vertices, 456 indices
Checking if chunk at(-3, 0, 6)is ready to mesh
Spawning chunk at (-3, 0, 7)
Meshing chunk at (-48, 0, -96)
Chunk generated with 304 vertices, 456 indices
Checking if chunk at(-3, 0, -6)is ready to mesh
Spawning chunk at (-3, 0, -7)
Meshing chunk at (96, 0, -48)
Chunk generated with 260 vertices, 390 indices
Checking if chunk at(6, 0, -3)is ready to mesh
Spawning chunk at (7, 0, -3)
Meshing chunk at (-96, 0, 48)
Chunk generated with 324 vertices, 486 indices
Checking if chunk at(-6, 0, 3)is ready to mesh
Spawning chunk at (-7, 0, 3)
Spawning chunk at (5, 0, 6)
Spawning chunk at (6, 0, -5)
Spawning chunk at (-5, 0, 6)
Spawning chunk at (-5, 0, -6)
Meshing chunk at (80, 0, 80)
Chunk generated with 324 vertices, 486 indices
Checking if chunk at(5, 0, 5)is ready to mesh
Spawning chunk at (6, 0, 5)
Meshing chunk at (80, 0, -80)
Chunk generated with 328 vertices, 492 indices
Checking if chunk at(5, 0, -5)is ready to mesh
Spawning chunk at (5, 0, -6)
Meshing chunk at (-80, 0, 80)
Chunk generated with 348 vertices, 522 indices
Checking if chunk at(-5, 0, 5)is ready to mesh
Spawning chunk at (-6, 0, 5)
Meshing chunk at (-80, 0, -80)
Chunk generated with 304 vertices, 456 indices
Checking if chunk at(-5, 0, -5)is ready to mesh
Spawning chunk at (-6, 0, -5)
Meshing chunk at (0, 0, -112)
Chunk generated with 300 vertices, 450 indices
Checking if chunk at(0, 0, -7)is ready to mesh
Spawning chunk at (0, 0, -8)
Meshing chunk at (-112, 0, 0)
Chunk generated with 352 vertices, 528 indices
Checking if chunk at(-7, 0, 0)is ready to mesh
Spawning chunk at (-8, 0, 0)
Meshing chunk at (112, 0, 0)
Chunk generated with 240 vertices, 360 indices
Checking if chunk at(7, 0, 0)is ready to mesh
Spawning chunk at (8, 0, 0)
Meshing chunk at (0, 0, 112)
Chunk generated with 304 vertices, 456 indices
Checking if chunk at(0, 0, 7)is ready to mesh
Spawning chunk at (0, 0, 8)
Meshing chunk at (-112, 0, 16)
Chunk generated with 252 vertices, 378 indices
Checking if chunk at(-7, 0, 1)is ready to mesh
Spawning chunk at (-8, 0, 1)
Meshing chunk at (-96, 0, 64)
Chunk generated with 412 vertices, 618 indices
Checking if chunk at(-6, 0, 4)is ready to mesh
Spawning chunk at (-7, 0, 4)
Meshing chunk at (16, 0, 112)
Chunk generated with 172 vertices, 258 indices
Checking if chunk at(1, 0, 7)is ready to mesh
Spawning chunk at (1, 0, 8)
Meshing chunk at (16, 0, -112)
Chunk generated with 360 vertices, 540 indices
Checking if chunk at(1, 0, -7)is ready to mesh
Spawning chunk at (1, 0, -8)
Meshing chunk at (-96, 0, -64)
Chunk generated with 284 vertices, 426 indices
Checking if chunk at(-6, 0, -4)is ready to mesh
Spawning chunk at (-7, 0, -4)
Meshing chunk at (96, 0, 64)
Chunk generated with 228 vertices, 342 indices
Checking if chunk at(6, 0, 4)is ready to mesh
Spawning chunk at (7, 0, 4)
Meshing chunk at (-112, 0, -16)
Chunk generated with 296 vertices, 444 indices
Checking if chunk at(-7, 0, -1)is ready to mesh
Spawning chunk at (-8, 0, -1)
Meshing chunk at (64, 0, -96)
Chunk generated with 248 vertices, 372 indices
Checking if chunk at(4, 0, -6)is ready to mesh
Spawning chunk at (4, 0, -7)
Meshing chunk at (112, 0, -16)
Chunk generated with 260 vertices, 390 indices
Checking if chunk at(7, 0, -1)is ready to mesh
Spawning chunk at (8, 0, -1)
Meshing chunk at (-16, 0, 112)
Chunk generated with 392 vertices, 588 indices
Checking if chunk at(-1, 0, 7)is ready to mesh
Spawning chunk at (-1, 0, 8)
Meshing chunk at (-16, 0, -112)
Chunk generated with 308 vertices, 462 indices
Checking if chunk at(-1, 0, -7)is ready to mesh
Spawning chunk at (-1, 0, -8)
Meshing chunk at (112, 0, 16)
Chunk generated with 200 vertices, 300 indices
Checking if chunk at(7, 0, 1)is ready to mesh
Spawning chunk at (8, 0, 1)
Meshing chunk at (-64, 0, -96)
Chunk generated with 316 vertices, 474 indices
Checking if chunk at(-4, 0, -6)is ready to mesh
Spawning chunk at (-4, 0, -7)
Meshing chunk at (-64, 0, 96)
Chunk generated with 372 vertices, 558 indices
Checking if chunk at(-4, 0, 6)is ready to mesh
Spawning chunk at (-4, 0, 7)
Meshing chunk at (64, 0, 96)
Chunk generated with 184 vertices, 276 indices
Checking if chunk at(4, 0, 6)is ready to mesh
Spawning chunk at (4, 0, 7)
Meshing chunk at (96, 0, -64)
Chunk generated with 328 vertices, 492 indices
Checking if chunk at(6, 0, -4)is ready to mesh
Spawning chunk at (7, 0, -4)
Meshing chunk at (32, 0, 112)
Chunk generated with 384 vertices, 576 indices
Checking if chunk at(2, 0, 7)is ready to mesh
Spawning chunk at (2, 0, 8)
Meshing chunk at (-32, 0, 112)
Chunk generated with 320 vertices, 480 indices
Checking if chunk at(-2, 0, 7)is ready to mesh
Spawning chunk at (-2, 0, 8)
Meshing chunk at (112, 0, 32)
Chunk generated with 156 vertices, 234 indices
Checking if chunk at(7, 0, 2)is ready to mesh
Spawning chunk at (8, 0, 2)
Meshing chunk at (-32, 0, -112)
Chunk generated with 412 vertices, 618 indices
Checking if chunk at(-2, 0, -7)is ready to mesh
Spawning chunk at (-2, 0, -8)
Meshing chunk at (-112, 0, 32)
Chunk generated with 232 vertices, 348 indices
Checking if chunk at(-7, 0, 2)is ready to mesh
Spawning chunk at (-8, 0, 2)
Meshing chunk at (-112, 0, -32)
Chunk generated with 288 vertices, 432 indices
Checking if chunk at(-7, 0, -2)is ready to mesh
Spawning chunk at (-8, 0, -2)
Meshing chunk at (32, 0, -112)
Chunk generated with 168 vertices, 252 indices
Checking if chunk at(2, 0, -7)is ready to mesh
Spawning chunk at (2, 0, -8)
Meshing chunk at (112, 0, -32)
Chunk generated with 384 vertices, 576 indices
Checking if chunk at(7, 0, -2)is ready to mesh
Spawning chunk at (8, 0, -2)
Spawning chunk at (6, 0, 6)
Spawning chunk at (-6, 0, -6)
Spawning chunk at (-6, 0, 6)
Spawning chunk at (6, 0, -6)
Meshing chunk at (-112, 0, -48)
Chunk generated with 352 vertices, 528 indices
Checking if chunk at(-7, 0, -3)is ready to mesh
Spawning chunk at (-8, 0, -3)
Meshing chunk at (-112, 0, 48)
Chunk generated with 292 vertices, 438 indices
Checking if chunk at(-7, 0, 3)is ready to mesh
Spawning chunk at (-8, 0, 3)
Meshing chunk at (48, 0, -112)
Chunk generated with 272 vertices, 408 indices
Checking if chunk at(3, 0, -7)is ready to mesh
Spawning chunk at (3, 0, -8)
Meshing chunk at (-48, 0, -112)
Chunk generated with 352 vertices, 528 indices
Checking if chunk at(-3, 0, -7)is ready to mesh
Spawning chunk at (-3, 0, -8)
Meshing chunk at (-48, 0, 112)
Chunk generated with 344 vertices, 516 indices
Checking if chunk at(-3, 0, 7)is ready to mesh
Spawning chunk at (-3, 0, 8)
Meshing chunk at (48, 0, 112)
Chunk generated with 320 vertices, 480 indices
Checking if chunk at(3, 0, 7)is ready to mesh
Spawning chunk at (3, 0, 8)
Meshing chunk at (112, 0, 48)
Chunk generated with 204 vertices, 306 indices
Checking if chunk at(7, 0, 3)is ready to mesh
Spawning chunk at (8, 0, 3)
Meshing chunk at (112, 0, -48)
Chunk generated with 360 vertices, 540 indices
Checking if chunk at(7, 0, -3)is ready to mesh
Spawning chunk at (8, 0, -3)
Meshing chunk at (96, 0, -80)
Chunk generated with 312 vertices, 468 indices
Checking if chunk at(6, 0, -5)is ready to mesh
Spawning chunk at (7, 0, -5)
Meshing chunk at (80, 0, -96)
Chunk generated with 164 vertices, 246 indices
Checking if chunk at(5, 0, -6)is ready to mesh
Spawning chunk at (5, 0, -7)
Meshing chunk at (-80, 0, 96)
Chunk generated with 352 vertices, 528 indices
Checking if chunk at(-5, 0, 6)is ready to mesh
Spawning chunk at (-5, 0, 7)
Meshing chunk at (-80, 0, -96)
Chunk generated with 220 vertices, 330 indices
Checking if chunk at(-5, 0, -6)is ready to mesh
Spawning chunk at (-5, 0, -7)
Meshing chunk at (-96, 0, 80)
Chunk generated with 372 vertices, 558 indices
Checking if chunk at(-6, 0, 5)is ready to mesh
Spawning chunk at (-7, 0, 5)
Meshing chunk at (-96, 0, -80)
Chunk generated with 276 vertices, 414 indices
Checking if chunk at(-6, 0, -5)is ready to mesh
Spawning chunk at (-7, 0, -5)
Meshing chunk at (80, 0, 96)
Chunk generated with 304 vertices, 456 indices
Checking if chunk at(5, 0, 6)is ready to mesh
Spawning chunk at (5, 0, 7)
Meshing chunk at (96, 0, 80)
Chunk generated with 248 vertices, 372 indices
Checking if chunk at(6, 0, 5)is ready to mesh
Spawning chunk at (7, 0, 5)
Meshing chunk at (112, 0, -64)
Chunk generated with 272 vertices, 408 indices
Checking if chunk at(7, 0, -4)is ready to mesh
Spawning chunk at (8, 0, -4)
Meshing chunk at (64, 0, -112)
Chunk generated with 236 vertices, 354 indices
Checking if chunk at(4, 0, -7)is ready to mesh
Spawning chunk at (4, 0, -8)
Meshing chunk at (-112, 0, 64)
Chunk generated with 292 vertices, 438 indices
Checking if chunk at(-7, 0, 4)is ready to mesh
Spawning chunk at (-8, 0, 4)
Meshing chunk at (-64, 0, -112)
Chunk generated with 288 vertices, 432 indices
Checking if chunk at(-4, 0, -7)is ready to mesh
Spawning chunk at (-4, 0, -8)
Meshing chunk at (-64, 0, 112)
Chunk generated with 320 vertices, 480 indices
Checking if chunk at(-4, 0, 7)is ready to mesh
Spawning chunk at (-4, 0, 8)
Meshing chunk at (-112, 0, -64)
Chunk generated with 348 vertices, 522 indices
Checking if chunk at(-7, 0, -4)is ready to mesh
Spawning chunk at (-8, 0, -4)
Meshing chunk at (112, 0, 64)
Chunk generated with 212 vertices, 318 indices
Checking if chunk at(7, 0, 4)is ready to mesh
Spawning chunk at (8, 0, 4)
Meshing chunk at (64, 0, 112)
Chunk generated with 292 vertices, 438 indices
Checking if chunk at(4, 0, 7)is ready to mesh
Spawning chunk at (4, 0, 8)
Meshing chunk at (-128, 0, 0)
Chunk generated with 332 vertices, 498 indices
Checking if chunk at(-8, 0, 0)is ready to mesh
Spawning chunk at (-9, 0, 0)
Meshing chunk at (0, 0, -128)
Chunk generated with 320 vertices, 480 indices
Checking if chunk at(0, 0, -8)is ready to mesh
Spawning chunk at (0, 0, -9)
Meshing chunk at (0, 0, 128)
Chunk generated with 236 vertices, 354 indices
Checking if chunk at(0, 0, 8)is ready to mesh
Spawning chunk at (0, 0, 9)
Meshing chunk at (128, 0, 0)
Chunk generated with 296 vertices, 444 indices
Checking if chunk at(8, 0, 0)is ready to mesh
Spawning chunk at (9, 0, 0)
Meshing chunk at (-128, 0, -16)
Chunk generated with 340 vertices, 510 indices
Checking if chunk at(-8, 0, -1)is ready to mesh
Spawning chunk at (-9, 0, -1)
Meshing chunk at (-16, 0, -128)
Chunk generated with 276 vertices, 414 indices
Checking if chunk at(-1, 0, -8)is ready to mesh
Spawning chunk at (-1, 0, -9)
Meshing chunk at (-16, 0, 128)
Chunk generated with 212 vertices, 318 indices
Checking if chunk at(-1, 0, 8)is ready to mesh
Spawning chunk at (-1, 0, 9)
Meshing chunk at (16, 0, -128)
Chunk generated with 276 vertices, 414 indices
Checking if chunk at(1, 0, -8)is ready to mesh
Spawning chunk at (1, 0, -9)
Meshing chunk at (128, 0, -16)
Chunk generated with 348 vertices, 522 indices
Checking if chunk at(8, 0, -1)is ready to mesh
Spawning chunk at (9, 0, -1)
Meshing chunk at (16, 0, 128)
Chunk generated with 220 vertices, 330 indices
Checking if chunk at(1, 0, 8)is ready to mesh
Spawning chunk at (1, 0, 9)
Meshing chunk at (128, 0, 16)
Chunk generated with 256 vertices, 384 indices
Checking if chunk at(8, 0, 1)is ready to mesh
Spawning chunk at (9, 0, 1)
Meshing chunk at (-128, 0, 16)
Chunk generated with 280 vertices, 420 indices
Checking if chunk at(-8, 0, 1)is ready to mesh
Spawning chunk at (-9, 0, 1)
Meshing chunk at (-32, 0, 128)
Chunk generated with 348 vertices, 522 indices
Checking if chunk at(-2, 0, 8)is ready to mesh
Spawning chunk at (-2, 0, 9)
Meshing chunk at (-32, 0, -128)
Chunk generated with 216 vertices, 324 indices
Checking if chunk at(-2, 0, -8)is ready to mesh
Spawning chunk at (-2, 0, -9)
Meshing chunk at (128, 0, -32)
Chunk generated with 260 vertices, 390 indices
Checking if chunk at(8, 0, -2)is ready to mesh
Spawning chunk at (9, 0, -2)
Meshing chunk at (-128, 0, 32)
Chunk generated with 372 vertices, 558 indices
Checking if chunk at(-8, 0, 2)is ready to mesh
Spawning chunk at (-9, 0, 2)
Spawning chunk at (-6, 0, 7)
Spawning chunk at (-6, 0, -7)
Meshing chunk at (-96, 0, 96)
Chunk generated with 288 vertices, 432 indices
Checking if chunk at(-6, 0, 6)is ready to mesh
Spawning chunk at (-7, 0, 6)
Meshing chunk at (-128, 0, -32)
Chunk generated with 184 vertices, 276 indices
Checking if chunk at(-8, 0, -2)is ready to mesh
Spawning chunk at (-9, 0, -2)
Meshing chunk at (-96, 0, -96)
Chunk generated with 304 vertices, 456 indices
Checking if chunk at(-6, 0, -6)is ready to mesh
Spawning chunk at (-7, 0, -6)
Spawning chunk at (7, 0, 6)
Spawning chunk at (7, 0, -6)
Meshing chunk at (96, 0, -96)
Chunk generated with 308 vertices, 462 indices
Checking if chunk at(6, 0, -6)is ready to mesh
Spawning chunk at (6, 0, -7)
Meshing chunk at (96, 0, 96)
Chunk generated with 316 vertices, 474 indices
Checking if chunk at(6, 0, 6)is ready to mesh
Spawning chunk at (6, 0, 7)
Meshing chunk at (32, 0, -128)
Chunk generated with 232 vertices, 348 indices
Checking if chunk at(2, 0, -8)is ready to mesh
Spawning chunk at (2, 0, -9)
Meshing chunk at (32, 0, 128)
Chunk generated with 456 vertices, 684 indices
Checking if chunk at(2, 0, 8)is ready to mesh
Spawning chunk at (2, 0, 9)
Meshing chunk at (128, 0, 32)
Chunk generated with 184 vertices, 276 indices
Checking if chunk at(8, 0, 2)is ready to mesh
Spawning chunk at (9, 0, 2)
Meshing chunk at (112, 0, 80)
Chunk generated with 212 vertices, 318 indices
Checking if chunk at(7, 0, 5)is ready to mesh
Spawning chunk at (8, 0, 5)
Meshing chunk at (112, 0, -80)
Chunk generated with 344 vertices, 516 indices
Checking if chunk at(7, 0, -5)is ready to mesh
Spawning chunk at (8, 0, -5)
Meshing chunk at (-112, 0, -80)
Chunk generated with 292 vertices, 438 indices
Checking if chunk at(-7, 0, -5)is ready to mesh
Spawning chunk at (-8, 0, -5)
Meshing chunk at (-112, 0, 80)
Chunk generated with 296 vertices, 444 indices
Checking if chunk at(-7, 0, 5)is ready to mesh
Spawning chunk at (-8, 0, 5)
Meshing chunk at (80, 0, 112)
Chunk generated with 204 vertices, 306 indices
Checking if chunk at(5, 0, 7)is ready to mesh
Spawning chunk at (5, 0, 8)
Meshing chunk at (-80, 0, -112)
Chunk generated with 308 vertices, 462 indices
Checking if chunk at(-5, 0, -7)is ready to mesh
Spawning chunk at (-5, 0, -8)
Meshing chunk at (-80, 0, 112)
Chunk generated with 308 vertices, 462 indices
Checking if chunk at(-5, 0, 7)is ready to mesh
Spawning chunk at (-5, 0, 8)
Meshing chunk at (80, 0, -112)
Chunk generated with 268 vertices, 402 indices
Checking if chunk at(5, 0, -7)is ready to mesh
Spawning chunk at (5, 0, -8)
Meshing chunk at (128, 0, -48)
Chunk generated with 188 vertices, 282 indices
Checking if chunk at(8, 0, -3)is ready to mesh
Spawning chunk at (9, 0, -3)
Meshing chunk at (48, 0, 128)
Chunk generated with 256 vertices, 384 indices
Checking if chunk at(3, 0, 8)is ready to mesh
Spawning chunk at (3, 0, 9)
Meshing chunk at (48, 0, -128)
Chunk generated with 260 vertices, 390 indices
Checking if chunk at(3, 0, -8)is ready to mesh
Spawning chunk at (3, 0, -9)
Meshing chunk at (128, 0, 48)
Chunk generated with 152 vertices, 228 indices
Checking if chunk at(8, 0, 3)is ready to mesh
Spawning chunk at (9, 0, 3)
Meshing chunk at (-128, 0, -48)
Chunk generated with 324 vertices, 486 indices
Checking if chunk at(-8, 0, -3)is ready to mesh
Spawning chunk at (-9, 0, -3)
Meshing chunk at (-128, 0, 48)
Chunk generated with 420 vertices, 630 indices
Checking if chunk at(-8, 0, 3)is ready to mesh
Spawning chunk at (-9, 0, 3)
Meshing chunk at (-48, 0, 128)
Chunk generated with 296 vertices, 444 indices
Checking if chunk at(-3, 0, 8)is ready to mesh
Spawning chunk at (-3, 0, 9)
Meshing chunk at (-48, 0, -128)
Chunk generated with 336 vertices, 504 indices
Checking if chunk at(-3, 0, -8)is ready to mesh
Spawning chunk at (-3, 0, -9)
Meshing chunk at (128, 0, -64)
Chunk generated with 264 vertices, 396 indices
Checking if chunk at(8, 0, -4)is ready to mesh
Spawning chunk at (9, 0, -4)
Meshing chunk at (128, 0, 64)
Chunk generated with 300 vertices, 450 indices
Checking if chunk at(8, 0, 4)is ready to mesh
Spawning chunk at (9, 0, 4)
Meshing chunk at (-128, 0, -64)
Chunk generated with 228 vertices, 342 indices
Checking if chunk at(-8, 0, -4)is ready to mesh
Spawning chunk at (-9, 0, -4)
Meshing chunk at (-128, 0, 64)
Chunk generated with 392 vertices, 588 indices
Checking if chunk at(-8, 0, 4)is ready to mesh
Spawning chunk at (-9, 0, 4)
Meshing chunk at (-64, 0, -128)
Chunk generated with 304 vertices, 456 indices
Checking if chunk at(-4, 0, -8)is ready to mesh
Spawning chunk at (-4, 0, -9)
Meshing chunk at (-64, 0, 128)
Chunk generated with 352 vertices, 528 indices
Checking if chunk at(-4, 0, 8)is ready to mesh
Spawning chunk at (-4, 0, 9)
Meshing chunk at (64, 0, 128)
Chunk generated with 224 vertices, 336 indices
Checking if chunk at(4, 0, 8)is ready to mesh
Spawning chunk at (4, 0, 9)
Meshing chunk at (64, 0, -128)
Chunk generated with 288 vertices, 432 indices
Checking if chunk at(4, 0, -8)is ready to mesh
Spawning chunk at (4, 0, -9)
Spawning chunk at (7, 0, 7)
Spawning chunk at (7, 0, -7)
Spawning chunk at (-7, 0, -7)
Spawning chunk at (-7, 0, 7)
Meshing chunk at (-112, 0, 96)
Chunk generated with 204 vertices, 306 indices
Checking if chunk at(-7, 0, 6)is ready to mesh
Spawning chunk at (-8, 0, 6)
Meshing chunk at (112, 0, 96)
Chunk generated with 148 vertices, 222 indices
Checking if chunk at(7, 0, 6)is ready to mesh
Spawning chunk at (8, 0, 6)
Meshing chunk at (-112, 0, -96)
Chunk generated with 420 vertices, 630 indices
Checking if chunk at(-7, 0, -6)is ready to mesh
Spawning chunk at (-8, 0, -6)
Meshing chunk at (-96, 0, 112)
Chunk generated with 228 vertices, 342 indices
Checking if chunk at(-6, 0, 7)is ready to mesh
Spawning chunk at (-6, 0, 8)
Meshing chunk at (-96, 0, -112)
Chunk generated with 284 vertices, 426 indices
Checking if chunk at(-6, 0, -7)is ready to mesh
Spawning chunk at (-6, 0, -8)
Meshing chunk at (-144, 0, 0)
Chunk generated with 348 vertices, 522 indices
Checking if chunk at(-9, 0, 0)is ready to mesh
Spawning chunk at (-10, 0, 0)
Meshing chunk at (112, 0, -96)
Chunk generated with 260 vertices, 390 indices
Checking if chunk at(7, 0, -6)is ready to mesh
Spawning chunk at (8, 0, -6)
Meshing chunk at (0, 0, -144)
Chunk generated with 300 vertices, 450 indices
Checking if chunk at(0, 0, -9)is ready to mesh
Spawning chunk at (0, 0, -10)
Meshing chunk at (96, 0, -112)
Chunk generated with 212 vertices, 318 indices
Checking if chunk at(6, 0, -7)is ready to mesh
Spawning chunk at (6, 0, -8)
Meshing chunk at (96, 0, 112)
Chunk generated with 184 vertices, 276 indices
Checking if chunk at(6, 0, 7)is ready to mesh
Spawning chunk at (6, 0, 8)
Meshing chunk at (-144, 0, -16)
Chunk generated with 272 vertices, 408 indices
Checking if chunk at(-9, 0, -1)is ready to mesh
Spawning chunk at (-10, 0, -1)
Meshing chunk at (-144, 0, 16)
Chunk generated with 140 vertices, 210 indices
Checking if chunk at(-9, 0, 1)is ready to mesh
Spawning chunk at (-10, 0, 1)
Meshing chunk at (-16, 0, -144)
Chunk generated with 252 vertices, 378 indices
Checking if chunk at(-1, 0, -9)is ready to mesh
Spawning chunk at (-1, 0, -10)
Meshing chunk at (16, 0, -144)
Chunk generated with 412 vertices, 618 indices
Checking if chunk at(1, 0, -9)is ready to mesh
Spawning chunk at (1, 0, -10)
Meshing chunk at (32, 0, -144)
Chunk generated with 232 vertices, 348 indices
Checking if chunk at(2, 0, -9)is ready to mesh
Spawning chunk at (2, 0, -10)
Meshing chunk at (-32, 0, -144)
Chunk generated with 244 vertices, 366 indices
Checking if chunk at(-2, 0, -9)is ready to mesh
Spawning chunk at (-2, 0, -10)
Meshing chunk at (-144, 0, 32)
Chunk generated with 204 vertices, 306 indices
Checking if chunk at(-9, 0, 2)is ready to mesh
Spawning chunk at (-10, 0, 2)
Meshing chunk at (-144, 0, -32)
Chunk generated with 200 vertices, 300 indices
Checking if chunk at(-9, 0, -2)is ready to mesh
Spawning chunk at (-10, 0, -2)
Meshing chunk at (-128, 0, -80)
Chunk generated with 372 vertices, 558 indices
Checking if chunk at(-8, 0, -5)is ready to mesh
Spawning chunk at (-9, 0, -5)
Meshing chunk at (128, 0, 80)
Chunk generated with 188 vertices, 282 indices
Checking if chunk at(8, 0, 5)is ready to mesh
Spawning chunk at (9, 0, 5)
Meshing chunk at (80, 0, -128)
Chunk generated with 396 vertices, 594 indices
Checking if chunk at(5, 0, -8)is ready to mesh
Spawning chunk at (5, 0, -9)
Meshing chunk at (-128, 0, 80)
Chunk generated with 232 vertices, 348 indices
Checking if chunk at(-8, 0, 5)is ready to mesh
Spawning chunk at (-9, 0, 5)
Meshing chunk at (128, 0, -80)
Chunk generated with 316 vertices, 474 indices
Checking if chunk at(8, 0, -5)is ready to mesh
Spawning chunk at (9, 0, -5)
Meshing chunk at (-80, 0, 128)
Chunk generated with 332 vertices, 498 indices
Checking if chunk at(-5, 0, 8)is ready to mesh
Spawning chunk at (-5, 0, 9)
Meshing chunk at (-80, 0, -128)
Chunk generated with 228 vertices, 342 indices
Checking if chunk at(-5, 0, -8)is ready to mesh
Spawning chunk at (-5, 0, -9)
Meshing chunk at (80, 0, 128)
Chunk generated with 372 vertices, 558 indices
Checking if chunk at(5, 0, 8)is ready to mesh
Spawning chunk at (5, 0, 9)
Meshing chunk at (-144, 0, -48)
Chunk generated with 348 vertices, 522 indices
Checking if chunk at(-9, 0, -3)is ready to mesh
Spawning chunk at (-10, 0, -3)
Meshing chunk at (-144, 0, 48)
Chunk generated with 316 vertices, 474 indices
Checking if chunk at(-9, 0, 3)is ready to mesh
Spawning chunk at (-10, 0, 3)
Meshing chunk at (48, 0, -144)
Chunk generated with 296 vertices, 444 indices
Checking if chunk at(3, 0, -9)is ready to mesh
Spawning chunk at (3, 0, -10)
Meshing chunk at (-48, 0, -144)
Chunk generated with 324 vertices, 486 indices
Checking if chunk at(-3, 0, -9)is ready to mesh
Spawning chunk at (-3, 0, -10)
Spawning chunk at (8, 0, 7)
Spawning chunk at (-7, 0, 8)
Spawning chunk at (8, 0, -7)
Meshing chunk at (112, 0, 112)
Chunk generated with 400 vertices, 600 indices
Checking if chunk at(7, 0, 7)is ready to mesh
Spawning chunk at (7, 0, 8)
Spawning chunk at (-7, 0, -8)
Meshing chunk at (112, 0, -112)
Chunk generated with 252 vertices, 378 indices
Checking if chunk at(7, 0, -7)is ready to mesh
Spawning chunk at (7, 0, -8)
Meshing chunk at (-112, 0, 112)
Chunk generated with 340 vertices, 510 indices
Checking if chunk at(-7, 0, 7)is ready to mesh
Spawning chunk at (-8, 0, 7)
Meshing chunk at (-112, 0, -112)
Chunk generated with 348 vertices, 522 indices
Checking if chunk at(-7, 0, -7)is ready to mesh
Spawning chunk at (-8, 0, -7)
Meshing chunk at (-144, 0, 64)
Chunk generated with 316 vertices, 474 indices
Checking if chunk at(-9, 0, 4)is ready to mesh
Spawning chunk at (-10, 0, 4)
Meshing chunk at (64, 0, -144)
Chunk generated with 396 vertices, 594 indices
Checking if chunk at(4, 0, -9)is ready to mesh
Spawning chunk at (4, 0, -10)
Meshing chunk at (-64, 0, -144)
Chunk generated with 388 vertices, 582 indices
Checking if chunk at(-4, 0, -9)is ready to mesh
Spawning chunk at (-4, 0, -10)
Meshing chunk at (-144, 0, -64)
Chunk generated with 376 vertices, 564 indices
Checking if chunk at(-9, 0, -4)is ready to mesh
Spawning chunk at (-10, 0, -4)
Meshing chunk at (-96, 0, -128)
Chunk generated with 260 vertices, 390 indices
Checking if chunk at(-6, 0, -8)is ready to mesh
Spawning chunk at (-6, 0, -9)
Meshing chunk at (96, 0, 128)
Chunk generated with 300 vertices, 450 indices
Checking if chunk at(6, 0, 8)is ready to mesh
Spawning chunk at (6, 0, 9)
Meshing chunk at (128, 0, -96)
Chunk generated with 348 vertices, 522 indices
Checking if chunk at(8, 0, -6)is ready to mesh
Spawning chunk at (9, 0, -6)
Meshing chunk at (96, 0, -128)
Chunk generated with 188 vertices, 282 indices
Checking if chunk at(6, 0, -8)is ready to mesh
Spawning chunk at (6, 0, -9)
Meshing chunk at (-128, 0, 96)
Chunk generated with 152 vertices, 228 indices
Checking if chunk at(-8, 0, 6)is ready to mesh
Spawning chunk at (-9, 0, 6)
Meshing chunk at (-128, 0, -96)
Chunk generated with 344 vertices, 516 indices
Checking if chunk at(-8, 0, -6)is ready to mesh
Spawning chunk at (-9, 0, -6)
Meshing chunk at (-96, 0, 128)
Chunk generated with 316 vertices, 474 indices
Checking if chunk at(-6, 0, 8)is ready to mesh
Spawning chunk at (-6, 0, 9)
Meshing chunk at (128, 0, 96)
Chunk generated with 168 vertices, 252 indices
Checking if chunk at(8, 0, 6)is ready to mesh
Spawning chunk at (9, 0, 6)
Meshing chunk at (-80, 0, -144)
Chunk generated with 344 vertices, 516 indices
Checking if chunk at(-5, 0, -9)is ready to mesh
Spawning chunk at (-5, 0, -10)
Meshing chunk at (-144, 0, 80)
Chunk generated with 204 vertices, 306 indices
Checking if chunk at(-9, 0, 5)is ready to mesh
Spawning chunk at (-10, 0, 5)
Meshing chunk at (-144, 0, -80)
Chunk generated with 388 vertices, 582 indices
Checking if chunk at(-9, 0, -5)is ready to mesh
Spawning chunk at (-10, 0, -5)
Meshing chunk at (80, 0, -144)
Chunk generated with 452 vertices, 678 indices
Checking if chunk at(5, 0, -9)is ready to mesh
Spawning chunk at (5, 0, -10)
Spawning chunk at (-8, 0, 8)
Spawning chunk at (-8, 0, -8)
Spawning chunk at (8, 0, 8)
Spawning chunk at (8, 0, -8)
Meshing chunk at (128, 0, 112)
Chunk generated with 364 vertices, 546 indices
Checking if chunk at(8, 0, 7)is ready to mesh
Spawning chunk at (9, 0, 7)
Meshing chunk at (128, 0, -112)
Chunk generated with 308 vertices, 462 indices
Checking if chunk at(8, 0, -7)is ready to mesh
Spawning chunk at (9, 0, -7)
Meshing chunk at (-112, 0, 128)
Chunk generated with 320 vertices, 480 indices
Checking if chunk at(-7, 0, 8)is ready to mesh
Spawning chunk at (-7, 0, 9)
Meshing chunk at (-112, 0, -128)
Chunk generated with 280 vertices, 420 indices
Checking if chunk at(-7, 0, -8)is ready to mesh
Spawning chunk at (-7, 0, -9)
Meshing chunk at (-128, 0, 112)
Chunk generated with 244 vertices, 366 indices
Checking if chunk at(-8, 0, 7)is ready to mesh
Spawning chunk at (-9, 0, 7)
Meshing chunk at (112, 0, 128)
Chunk generated with 248 vertices, 372 indices
Checking if chunk at(7, 0, 8)is ready to mesh
Spawning chunk at (7, 0, 9)
Meshing chunk at (112, 0, -128)
Chunk generated with 432 vertices, 648 indices
Checking if chunk at(7, 0, -8)is ready to mesh
Spawning chunk at (7, 0, -9)
Meshing chunk at (-128, 0, -112)
Chunk generated with 380 vertices, 570 indices
Checking if chunk at(-8, 0, -7)is ready to mesh
Spawning chunk at (-9, 0, -7)
Meshing chunk at (-96, 0, -144)
Chunk generated with 320 vertices, 480 indices
Checking if chunk at(-6, 0, -9)is ready to mesh
Spawning chunk at (-6, 0, -10)
Meshing chunk at (-144, 0, 96)
Chunk generated with 220 vertices, 330 indices
Checking if chunk at(-9, 0, 6)is ready to mesh
Spawning chunk at (-10, 0, 6)
Meshing chunk at (-144, 0, -96)
Chunk generated with 324 vertices, 486 indices
Checking if chunk at(-9, 0, -6)is ready to mesh
Spawning chunk at (-10, 0, -6)
Meshing chunk at (96, 0, -144)
Chunk generated with 228 vertices, 342 indices
Checking if chunk at(6, 0, -9)is ready to mesh
Spawning chunk at (6, 0, -10)
Spawning chunk at (9, 0, -8)
Spawning chunk at (9, 0, 8)
Meshing chunk at (128, 0, 128)
Chunk generated with 236 vertices, 354 indices
Checking if chunk at(8, 0, 8)is ready to mesh
Spawning chunk at (8, 0, 9)
Spawning chunk at (-9, 0, -8)
Spawning chunk at (-8, 0, 9)
Meshing chunk at (-128, 0, -128)
Chunk generated with 368 vertices, 552 indices
Checking if chunk at(-8, 0, -8)is ready to mesh
Spawning chunk at (-8, 0, -9)
Meshing chunk at (128, 0, -128)
Chunk generated with 332 vertices, 498 indices
Checking if chunk at(8, 0, -8)is ready to mesh
Spawning chunk at (8, 0, -9)
Meshing chunk at (-128, 0, 128)
Chunk generated with 308 vertices, 462 indices
Checking if chunk at(-8, 0, 8)is ready to mesh
Spawning chunk at (-9, 0, 8)
Meshing chunk at (112, 0, -144)
Chunk generated with 172 vertices, 258 indices
Checking if chunk at(7, 0, -9)is ready to mesh
Spawning chunk at (7, 0, -10)
Meshing chunk at (-112, 0, -144)
Chunk generated with 376 vertices, 564 indices
Checking if chunk at(-7, 0, -9)is ready to mesh
Spawning chunk at (-7, 0, -10)
Meshing chunk at (-144, 0, -112)
Chunk generated with 368 vertices, 552 indices
Checking if chunk at(-9, 0, -7)is ready to mesh
Spawning chunk at (-10, 0, -7)
Meshing chunk at (-144, 0, 112)
Chunk generated with 204 vertices, 306 indices
Checking if chunk at(-9, 0, 7)is ready to mesh
Spawning chunk at (-10, 0, 7)
Spawning chunk at (9, 0, 9)
Spawning chunk at (9, 0, -9)
Spawning chunk at (-9, 0, 9)
Spawning chunk at (-9, 0, -9)
Meshing chunk at (128, 0, -144)
Chunk generated with 328 vertices, 492 indices
Checking if chunk at(8, 0, -9)is ready to mesh
Spawning chunk at (8, 0, -10)
Meshing chunk at (-128, 0, -144)
Chunk generated with 356 vertices, 534 indices
Checking if chunk at(-8, 0, -9)is ready to mesh
Spawning chunk at (-8, 0, -10)
Meshing chunk at (-144, 0, 128)
Chunk generated with 360 vertices, 540 indices
Checking if chunk at(-9, 0, 8)is ready to mesh
Spawning chunk at (-10, 0, 8)
Meshing chunk at (-144, 0, -128)
Chunk generated with 300 vertices, 450 indices
Checking if chunk at(-9, 0, -8)is ready to mesh
Spawning chunk at (-10, 0, -8)
Spawning chunk at (9, 0, -10)
Spawning chunk at (-9, 0, -10)
Spawning chunk at (-10, 0, 9)
Meshing chunk at (-144, 0, -144)
Chunk generated with 300 vertices, 450 indices
Checking if chunk at(-9, 0, -9)is ready to mesh
Spawning chunk at (-10, 0, -9)
Spawning chunk at (-10, 0, -10)
Project FPS: 169 (5.91 mspf)
Project FPS: 147 (6.80 mspf)
Project FPS: 162 (6.17 mspf)
Project FPS: 167 (5.98 mspf)
Project FPS: 177 (5.64 mspf)
Project FPS: 180 (5.55 mspf)
Project FPS: 174 (5.74 mspf)
Project FPS: 180 (5.55 mspf)
Project FPS: 180 (5.55 mspf)
Project FPS: 180 (5.55 mspf)
Project FPS: 180 (5.55 mspf)
Project FPS: 180 (5.55 mspf)
Project FPS: 180 (5.55 mspf)
Project FPS: 180 (5.55 mspf)
Project FPS: 180 (5.55 mspf)
Project FPS: 180 (5.55 mspf)
Project FPS: 180 (5.55 mspf)
Project FPS: 180 (5.55 mspf)
Project FPS: 180 (5.55 mspf)
Project FPS: 180 (5.55 mspf)
Project FPS: 180 (5.55 mspf)
Project FPS: 179 (5.58 mspf)
Project FPS: 180 (5.55 mspf)
Project FPS: 180 (5.55 mspf)
Project FPS: 180 (5.55 mspf)
Project FPS: 180 (5.55 mspf)
Project FPS: 179 (5.58 mspf)
Project FPS: 180 (5.55 mspf)
Project FPS: 175 (5.71 mspf)
Project FPS: 180 (5.55 mspf)
Project FPS: 180 (5.55 mspf)
Project FPS: 180 (5.55 mspf)
Project FPS: 180 (5.55 mspf)
Project FPS: 180 (5.55 mspf)
Project FPS: 175 (5.71 mspf)
Project FPS: 180 (5.55 mspf)
Project FPS: 180 (5.55 mspf)
Project FPS: 180 (5.55 mspf)
Project FPS: 180 (5.55 mspf)
Project FPS: 179 (5.58 mspf)
Project FPS: 181 (5.52 mspf)
Project FPS: 180 (5.55 mspf)
Project FPS: 180 (5.55 mspf)
Project FPS: 180 (5.55 mspf)
Project FPS: 179 (5.58 mspf)
Project FPS: 180 (5.55 mspf)
Project FPS: 180 (5.55 mspf)
Project FPS: 180 (5.55 mspf)
Project FPS: 180 (5.55 mspf)
Project FPS: 179 (5.58 mspf)
Project FPS: 180 (5.55 mspf)
Project FPS: 180 (5.55 mspf)
Project FPS: 181 (5.52 mspf)
Project FPS: 171 (5.84 mspf)
Project FPS: 173 (5.78 mspf)
Project FPS: 180 (5.55 mspf)
Project FPS: 180 (5.55 mspf)
Project FPS: 180 (5.55 mspf)
Project FPS: 180 (5.55 mspf)
Project FPS: 180 (5.55 mspf)
Project FPS: 180 (5.55 mspf)
Project FPS: 171 (5.84 mspf)
Project FPS: 176 (5.68 mspf)
Project FPS: 175 (5.71 mspf)
Project FPS: 181 (5.52 mspf)
Project FPS: 180 (5.55 mspf)
Project FPS: 180 (5.55 mspf)
Project FPS: 180 (5.55 mspf)
