Godot Engine v4.2.2.stable.mono.official.15073afe3 - https://godotengine.org
Vulkan API 1.3.242 - Forward+ - Using Vulkan Device #0: NVIDIA - NVIDIA GeForce RTX 4070 Laptop GPU
 
Selected block type: Stone
Mesh generated with vertices: 21456 and indices: 32184
Placing block at: (15.54, 16.81304, 18.9106)
Placing block at grid position: (7, 8, 9) with type: Stone
Clearing old mesh and collision shapes...
Old children cleared. Regenerating chunk mesh...
Mesh generated with vertices: 21456 and indices: 32184
Camera found: Camera3D Position: (14.43752, 19.28552, 23.88751)
Light found: DirectionalLight3D Position: (-360.801, 164.306, -166.525)
Playing animation: arm_move
Destroying block at: (15.15341, 16.42809, 19)
Destroying block at grid position: (7, 8, 9)
Clearing old mesh and collision shapes...
Old children cleared. Regenerating chunk mesh...
Mesh generated with vertices: 21456 and indices: 32184
Camera found: Camera3D Position: (14.43808, 19.28552, 23.88688)
Light found: DirectionalLight3D Position: (-360.801, 164.306, -166.525)
Playing animation: arm_move
Destroying block at: (15.12792, 14.81304, 19.50281)
Destroying block at grid position: (7, 7, 9)
Clearing old mesh and collision shapes...
Old children cleared. Regenerating chunk mesh...
Mesh generated with vertices: 21456 and indices: 32184
Camera found: Camera3D Position: (14.43853, 19.28552, 23.88634)
Light found: DirectionalLight3D Position: (-360.801, 164.306, -166.525)
Playing animation: arm_move
Destroying block at: (14.64901, 12.81304, 18.79007)
Destroying block at grid position: (7, 6, 9)
Clearing old mesh and collision shapes...
Old children cleared. Regenerating chunk mesh...
Mesh generated with vertices: 21552 and indices: 32328
Camera found: Camera3D Position: (14.60224, 19.29493, 21.38958)
Light found: DirectionalLight3D Position: (-360.801, 164.306, -166.525)
Playing animation: arm_move
Destroying block at: (13.78033, 14.81304, 19.626)
Destroying block at grid position: (6, 7, 9)
Clearing old mesh and collision shapes...
Old children cleared. Regenerating chunk mesh...
Mesh generated with vertices: 21528 and indices: 32292
Camera found: Camera3D Position: (14.60585, 19.28748, 21.37934)
Light found: DirectionalLight3D Position: (-360.801, 164.306, -166.525)
Playing animation: arm_move
Destroying block at: (13.06289, 12.81304, 18.82597)
Destroying block at grid position: (6, 6, 9)
Clearing old mesh and collision shapes...
Old children cleared. Regenerating chunk mesh...
Mesh generated with vertices: 21600 and indices: 32400
Camera found: Camera3D Position: (14.60597, 19.2861, 21.37688)
Light found: DirectionalLight3D Position: (-360.801, 164.306, -166.525)
Playing animation: arm_move
Destroying block at: (13.51558, 14.81304, 20.18356)
Destroying block at grid position: (6, 7, 10)
Clearing old mesh and collision shapes...
Old children cleared. Regenerating chunk mesh...
Mesh generated with vertices: 21576 and indices: 32364
Camera found: Camera3D Position: (14.60542, 19.28562, 21.37217)
Light found: DirectionalLight3D Position: (-360.801, 164.306, -166.525)
Playing animation: arm_move
Destroying block at: (14.87171, 14.81304, 21.49501)
Destroying block at grid position: (7, 7, 10)
Clearing old mesh and collision shapes...
Old children cleared. Regenerating chunk mesh...
Mesh generated with vertices: 21552 and indices: 32328
Camera found: Camera3D Position: (16.10831, 19.32632, 22.93448)
Light found: DirectionalLight3D Position: (-360.801, 164.306, -166.525)
Playing animation: arm_move
Destroying block at: (14.17976, 12.81304, 20.68635)
Destroying block at grid position: (7, 6, 10)
Clearing old mesh and collision shapes...
Old children cleared. Regenerating chunk mesh...
Mesh generated with vertices: 21600 and indices: 32400
Camera found: Camera3D Position: (16.10585, 19.30119, 22.93659)
Light found: DirectionalLight3D Position: (-360.801, 164.306, -166.525)
Playing animation: arm_move
Destroying block at: (13.5699, 12.81304, 20.906)
Destroying block at grid position: (6, 6, 10)
Clearing old mesh and collision shapes...
Old children cleared. Regenerating chunk mesh...
Mesh generated with vertices: 21648 and indices: 32472
Camera found: Camera3D Position: (16.10351, 19.29015, 22.93318)
Light found: DirectionalLight3D Position: (-360.801, 164.306, -166.525)
Playing animation: arm_move
Destroying block at: (13.99943, 10.81304, 19.29898)
Destroying block at grid position: (6, 5, 9)
Clearing old mesh and collision shapes...
Old children cleared. Regenerating chunk mesh...
Mesh generated with vertices: 21696 and indices: 32544
Camera found: Camera3D Position: (16.10476, 19.28626, 22.94216)
Light found: DirectionalLight3D Position: (-360.801, 164.306, -166.525)
Playing animation: arm_move
Destroying block at: (14.39613, 10.81304, 19.05665)
Destroying block at grid position: (7, 5, 9)
Clearing old mesh and collision shapes...
Old children cleared. Regenerating chunk mesh...
Mesh generated with vertices: 21744 and indices: 32616
Camera found: Camera3D Position: (16.10454, 19.28578, 22.94491)
Light found: DirectionalLight3D Position: (-360.801, 164.306, -166.525)
Playing animation: arm_move
Destroying block at: (14.43186, 12.48454, 17)
Destroying block at grid position: (7, 6, 8)
Clearing old mesh and collision shapes...
Old children cleared. Regenerating chunk mesh...
Mesh generated with vertices: 21768 and indices: 32652
Camera found: Camera3D Position: (16.1042, 19.28557, 22.94683)
Light found: DirectionalLight3D Position: (-360.801, 164.306, -166.525)
Playing animation: arm_move
Destroying block at: (14.50849, 11.53541, 17)
Destroying block at grid position: (7, 5, 8)
Clearing old mesh and collision shapes...
Old children cleared. Regenerating chunk mesh...
Mesh generated with vertices: 21816 and indices: 32724
Camera found: Camera3D Position: (16.10411, 19.28554, 22.9472)
Light found: DirectionalLight3D Position: (-360.801, 164.306, -166.525)
Playing animation: arm_move
Destroying block at: (13.81302, 12.52997, 17)
Destroying block at grid position: (6, 6, 8)
Clearing old mesh and collision shapes...
Old children cleared. Regenerating chunk mesh...
Mesh generated with vertices: 21840 and indices: 32760
Camera found: Camera3D Position: (16.10457, 19.28552, 22.94432)
Light found: DirectionalLight3D Position: (-360.801, 164.306, -166.525)
Playing animation: arm_move
Destroying block at: (13.69063, 10.81304, 17.92108)
Destroying block at grid position: (6, 5, 8)
Clearing old mesh and collision shapes...
Old children cleared. Regenerating chunk mesh...
Mesh generated with vertices: 21888 and indices: 32832
Camera found: Camera3D Position: (16.1046, 19.28552, 22.94394)
Light found: DirectionalLight3D Position: (-360.801, 164.306, -166.525)
Playing animation: arm_move
Destroying block at: (17, 14.62447, 19.83142)
Destroying block at grid position: (8, 7, 9)
Clearing old mesh and collision shapes...
Old children cleared. Regenerating chunk mesh...
Mesh generated with vertices: 21864 and indices: 32796
Camera found: Camera3D Position: (12.97947, 15.29645, 19.15065)
Light found: DirectionalLight3D Position: (-360.801, 164.306, -166.525)
Playing animation: arm_move
Destroying block at: (17, 14.59991, 20.30791)
Destroying block at grid position: (8, 7, 10)
Clearing old mesh and collision shapes...
Old children cleared. Regenerating chunk mesh...
Mesh generated with vertices: 21840 and indices: 32760
Camera found: Camera3D Position: (12.97806, 15.29016, 19.13775)
Light found: DirectionalLight3D Position: (-360.801, 164.306, -166.525)
Playing animation: arm_move
