Godot Engine v4.2.2.stable.mono.official.15073afe3 - https://godotengine.org
Vulkan API 1.4.308 - Forward+ - Using Vulkan Device #0: AMD - AMD Radeon RX 7900 XT
Requested V-Sync mode: Enabled - FPS will likely be capped to the monitor refresh rate.
 
Chunk generated with 496 vertices, 744 indices
Chunk generated with 868 vertices, 1302 indices
Chunk generated with 924 vertices, 1386 indices
Chunk generated with 912 vertices, 1368 indices
Chunk generated with 760 vertices, 1140 indices
Chunk generated with 760 vertices, 1140 indices
Chunk generated with 1004 vertices, 1506 indices
Chunk generated with 756 vertices, 1134 indices
Chunk generated with 784 vertices, 1176 indices
Chunk generated with 796 vertices, 1194 indices
Chunk generated with 804 vertices, 1206 indices
Chunk generated with 712 vertices, 1068 indices
Chunk generated with 440 vertices, 660 indices
Chunk generated with 684 vertices, 1026 indices
Chunk generated with 796 vertices, 1194 indices
Chunk generated with 856 vertices, 1284 indices
Chunk generated with 828 vertices, 1242 indices
Chunk generated with 780 vertices, 1170 indices
Chunk generated with 844 vertices, 1266 indices
Chunk generated with 760 vertices, 1140 indices
Chunk generated with 772 vertices, 1158 indices
Chunk generated with 956 vertices, 1434 indices
Chunk generated with 620 vertices, 930 indices
Chunk generated with 620 vertices, 930 indices
Chunk generated with 804 vertices, 1206 indices
Chunk generated with 828 vertices, 1242 indices
Chunk generated with 756 vertices, 1134 indices
Chunk generated with 840 vertices, 1260 indices
Chunk generated with 712 vertices, 1068 indices
Chunk generated with 600 vertices, 900 indices
Chunk generated with 568 vertices, 852 indices
Chunk generated with 784 vertices, 1176 indices
Chunk generated with 584 vertices, 876 indices
Chunk generated with 700 vertices, 1050 indices
Chunk generated with 868 vertices, 1302 indices
Chunk generated with 752 vertices, 1128 indices
Chunk generated with 716 vertices, 1074 indices
Chunk generated with 968 vertices, 1452 indices
Chunk generated with 724 vertices, 1086 indices
Chunk generated with 592 vertices, 888 indices
Chunk generated with 812 vertices, 1218 indices
Chunk generated with 720 vertices, 1080 indices
Chunk generated with 852 vertices, 1278 indices
Chunk generated with 720 vertices, 1080 indices
Chunk generated with 852 vertices, 1278 indices
Chunk generated with 820 vertices, 1230 indices
Chunk generated with 632 vertices, 948 indices
Chunk generated with 540 vertices, 810 indices
Chunk generated with 788 vertices, 1182 indices
Chunk generated with 648 vertices, 972 indices
Chunk generated with 684 vertices, 1026 indices
Chunk generated with 780 vertices, 1170 indices
Chunk generated with 688 vertices, 1032 indices
Chunk generated with 900 vertices, 1350 indices
Chunk generated with 720 vertices, 1080 indices
Chunk generated with 764 vertices, 1146 indices
Chunk generated with 716 vertices, 1074 indices
Chunk generated with 1040 vertices, 1560 indices
Chunk generated with 660 vertices, 990 indices
Chunk generated with 552 vertices, 828 indices
Chunk generated with 704 vertices, 1056 indices
Chunk generated with 700 vertices, 1050 indices
Chunk generated with 844 vertices, 1266 indices
Chunk generated with 604 vertices, 906 indices
Project FPS: 175 (5.71 mspf)
Project FPS: 178 (5.61 mspf)
Project FPS: 180 (5.55 mspf)
Project FPS: 177 (5.64 mspf)
Project FPS: 178 (5.61 mspf)
Project FPS: 180 (5.55 mspf)
Project FPS: 175 (5.71 mspf)
Project FPS: 175 (5.71 mspf)
Project FPS: 180 (5.55 mspf)
Project FPS: 180 (5.55 mspf)
Project FPS: 181 (5.52 mspf)
Project FPS: 180 (5.55 mspf)
Project FPS: 180 (5.55 mspf)
Project FPS: 180 (5.55 mspf)
Project FPS: 180 (5.55 mspf)
Project FPS: 180 (5.55 mspf)
Project FPS: 178 (5.61 mspf)
Project FPS: 179 (5.58 mspf)
Project FPS: 180 (5.55 mspf)
Project FPS: 180 (5.55 mspf)
Project FPS: 180 (5.55 mspf)
Project FPS: 180 (5.55 mspf)
Project FPS: 180 (5.55 mspf)
Project FPS: 180 (5.55 mspf)
Project FPS: 180 (5.55 mspf)
Project FPS: 180 (5.55 mspf)
Project FPS: 180 (5.55 mspf)
Project FPS: 179 (5.58 mspf)
Project FPS: 180 (5.55 mspf)
Project FPS: 180 (5.55 mspf)
Project FPS: 180 (5.55 mspf)
Project FPS: 180 (5.55 mspf)
Project FPS: 179 (5.58 mspf)
Project FPS: 177 (5.64 mspf)
Project FPS: 179 (5.58 mspf)
Project FPS: 180 (5.55 mspf)
Project FPS: 180 (5.55 mspf)
Project FPS: 180 (5.55 mspf)
Project FPS: 180 (5.55 mspf)
Project FPS: 180 (5.55 mspf)
Project FPS: 178 (5.61 mspf)
