Godot Engine v4.2.2.stable.mono.official.15073afe3 - https://godotengine.org
Vulkan API 1.4.308 - Forward+ - Using Vulkan Device #0: AMD - AMD Radeon RX 7900 XT
Requested V-Sync mode: Enabled - FPS will likely be capped to the monitor refresh rate.
 
Chunk generated with 900 vertices, 1350 indices, and 1 collision shape
Chunk generated with 812 vertices, 1218 indices, and 1 collision shape
Chunk generated with 792 vertices, 1188 indices, and 1 collision shape
Chunk generated with 952 vertices, 1428 indices, and 1 collision shape
Chunk generated with 964 vertices, 1446 indices, and 1 collision shape
Chunk generated with 792 vertices, 1188 indices, and 1 collision shape
Chunk generated with 952 vertices, 1428 indices, and 1 collision shape
Chunk generated with 1060 vertices, 1590 indices, and 1 collision shape
Chunk generated with 1012 vertices, 1518 indices, and 1 collision shape
Chunk generated with 820 vertices, 1230 indices, and 1 collision shape
Chunk generated with 964 vertices, 1446 indices, and 1 collision shape
Chunk generated with 992 vertices, 1488 indices, and 1 collision shape
Chunk generated with 620 vertices, 930 indices, and 1 collision shape
Chunk generated with 772 vertices, 1158 indices, and 1 collision shape
Chunk generated with 848 vertices, 1272 indices, and 1 collision shape
Chunk generated with 756 vertices, 1134 indices, and 1 collision shape
Chunk generated with 772 vertices, 1158 indices, and 1 collision shape
Chunk generated with 976 vertices, 1464 indices, and 1 collision shape
Chunk generated with 960 vertices, 1440 indices, and 1 collision shape
Chunk generated with 796 vertices, 1194 indices, and 1 collision shape
Chunk generated with 868 vertices, 1302 indices, and 1 collision shape
Chunk generated with 828 vertices, 1242 indices, and 1 collision shape
Chunk generated with 832 vertices, 1248 indices, and 1 collision shape
Chunk generated with 812 vertices, 1218 indices, and 1 collision shape
Chunk generated with 668 vertices, 1002 indices, and 1 collision shape
Chunk generated with 744 vertices, 1116 indices, and 1 collision shape
Chunk generated with 796 vertices, 1194 indices, and 1 collision shape
Chunk generated with 652 vertices, 978 indices, and 1 collision shape
Chunk generated with 800 vertices, 1200 indices, and 1 collision shape
Chunk generated with 964 vertices, 1446 indices, and 1 collision shape
Chunk generated with 824 vertices, 1236 indices, and 1 collision shape
Chunk generated with 784 vertices, 1176 indices, and 1 collision shape
Chunk generated with 728 vertices, 1092 indices, and 1 collision shape
Chunk generated with 724 vertices, 1086 indices, and 1 collision shape
Chunk generated with 876 vertices, 1314 indices, and 1 collision shape
Chunk generated with 884 vertices, 1326 indices, and 1 collision shape
Chunk generated with 568 vertices, 852 indices, and 1 collision shape
Chunk generated with 912 vertices, 1368 indices, and 1 collision shape
Chunk generated with 660 vertices, 990 indices, and 1 collision shape
Chunk generated with 776 vertices, 1164 indices, and 1 collision shape
Chunk generated with 652 vertices, 978 indices, and 1 collision shape
Chunk generated with 848 vertices, 1272 indices, and 1 collision shape
Chunk generated with 832 vertices, 1248 indices, and 1 collision shape
Chunk generated with 864 vertices, 1296 indices, and 1 collision shape
Chunk generated with 864 vertices, 1296 indices, and 1 collision shape
Chunk generated with 796 vertices, 1194 indices, and 1 collision shape
Chunk generated with 1000 vertices, 1500 indices, and 1 collision shape
Chunk generated with 804 vertices, 1206 indices, and 1 collision shape
Chunk generated with 840 vertices, 1260 indices, and 1 collision shape
Chunk generated with 728 vertices, 1092 indices, and 1 collision shape
Chunk generated with 656 vertices, 984 indices, and 1 collision shape
Chunk generated with 484 vertices, 726 indices, and 1 collision shape
Chunk generated with 872 vertices, 1308 indices, and 1 collision shape
Chunk generated with 1100 vertices, 1650 indices, and 1 collision shape
Chunk generated with 752 vertices, 1128 indices, and 1 collision shape
Chunk generated with 688 vertices, 1032 indices, and 1 collision shape
Chunk generated with 1032 vertices, 1548 indices, and 1 collision shape
Chunk generated with 1000 vertices, 1500 indices, and 1 collision shape
Chunk generated with 756 vertices, 1134 indices, and 1 collision shape
Chunk generated with 664 vertices, 996 indices, and 1 collision shape
Chunk generated with 980 vertices, 1470 indices, and 1 collision shape
Chunk generated with 808 vertices, 1212 indices, and 1 collision shape
Chunk generated with 628 vertices, 942 indices, and 1 collision shape
Chunk generated with 796 vertices, 1194 indices, and 1 collision shape
Project FPS: 161 (6.21 mspf)
Project FPS: 163 (6.13 mspf)
Project FPS: 139 (7.19 mspf)
Project FPS: 176 (5.68 mspf)
Project FPS: 180 (5.55 mspf)
Project FPS: 180 (5.55 mspf)
Project FPS: 133 (7.51 mspf)
Project FPS: 153 (6.53 mspf)
Project FPS: 162 (6.17 mspf)
Project FPS: 166 (6.02 mspf)
Project FPS: 180 (5.55 mspf)
Project FPS: 173 (5.78 mspf)
Project FPS: 166 (6.02 mspf)
Project FPS: 174 (5.74 mspf)
Project FPS: 180 (5.55 mspf)
Project FPS: 174 (5.74 mspf)
Project FPS: 180 (5.55 mspf)
Project FPS: 176 (5.68 mspf)
Project FPS: 164 (6.09 mspf)
Project FPS: 169 (5.91 mspf)
Project FPS: 180 (5.55 mspf)
Project FPS: 168 (5.95 mspf)
Project FPS: 178 (5.61 mspf)
Project FPS: 166 (6.02 mspf)
Project FPS: 180 (5.55 mspf)
Project FPS: 181 (5.52 mspf)
Project FPS: 180 (5.55 mspf)
Project FPS: 162 (6.17 mspf)
Project FPS: 171 (5.84 mspf)
Project FPS: 180 (5.55 mspf)
