Godot Engine v4.2.2.stable.mono.official.15073afe3 - https://godotengine.org
Vulkan API 1.4.308 - Forward+ - Using Vulkan Device #0: AMD - AMD Radeon RX 7900 XT
Requested V-Sync mode: Enabled - FPS will likely be capped to the monitor refresh rate.
 
Chunk generated with 848 vertices, 1272 indices, and 1 collision shape
Chunk generated with 984 vertices, 1476 indices, and 1 collision shape
Chunk generated with 868 vertices, 1302 indices, and 1 collision shape
Chunk generated with 688 vertices, 1032 indices, and 1 collision shape
Chunk generated with 744 vertices, 1116 indices, and 1 collision shape
Chunk generated with 1076 vertices, 1614 indices, and 1 collision shape
Chunk generated with 852 vertices, 1278 indices, and 1 collision shape
Chunk generated with 492 vertices, 738 indices, and 1 collision shape
Chunk generated with 896 vertices, 1344 indices, and 1 collision shape
Chunk generated with 848 vertices, 1272 indices, and 1 collision shape
Chunk generated with 700 vertices, 1050 indices, and 1 collision shape
Chunk generated with 900 vertices, 1350 indices, and 1 collision shape
Chunk generated with 1028 vertices, 1542 indices, and 1 collision shape
Chunk generated with 808 vertices, 1212 indices, and 1 collision shape
Chunk generated with 796 vertices, 1194 indices, and 1 collision shape
Chunk generated with 860 vertices, 1290 indices, and 1 collision shape
Chunk generated with 1048 vertices, 1572 indices, and 1 collision shape
Chunk generated with 660 vertices, 990 indices, and 1 collision shape
Chunk generated with 604 vertices, 906 indices, and 1 collision shape
Chunk generated with 608 vertices, 912 indices, and 1 collision shape
Chunk generated with 928 vertices, 1392 indices, and 1 collision shape
Chunk generated with 1096 vertices, 1644 indices, and 1 collision shape
Chunk generated with 980 vertices, 1470 indices, and 1 collision shape
Chunk generated with 948 vertices, 1422 indices, and 1 collision shape
Chunk generated with 816 vertices, 1224 indices, and 1 collision shape
Chunk generated with 792 vertices, 1188 indices, and 1 collision shape
Chunk generated with 908 vertices, 1362 indices, and 1 collision shape
Chunk generated with 804 vertices, 1206 indices, and 1 collision shape
Chunk generated with 828 vertices, 1242 indices, and 1 collision shape
Chunk generated with 956 vertices, 1434 indices, and 1 collision shape
Chunk generated with 728 vertices, 1092 indices, and 1 collision shape
Chunk generated with 988 vertices, 1482 indices, and 1 collision shape
Chunk generated with 752 vertices, 1128 indices, and 1 collision shape
Chunk generated with 548 vertices, 822 indices, and 1 collision shape
Chunk generated with 636 vertices, 954 indices, and 1 collision shape
Chunk generated with 796 vertices, 1194 indices, and 1 collision shape
Chunk generated with 960 vertices, 1440 indices, and 1 collision shape
Chunk generated with 1192 vertices, 1788 indices, and 1 collision shape
Chunk generated with 716 vertices, 1074 indices, and 1 collision shape
Chunk generated with 800 vertices, 1200 indices, and 1 collision shape
Chunk generated with 1028 vertices, 1542 indices, and 1 collision shape
Chunk generated with 776 vertices, 1164 indices, and 1 collision shape
Chunk generated with 776 vertices, 1164 indices, and 1 collision shape
Chunk generated with 860 vertices, 1290 indices, and 1 collision shape
Chunk generated with 752 vertices, 1128 indices, and 1 collision shape
Chunk generated with 780 vertices, 1170 indices, and 1 collision shape
Chunk generated with 796 vertices, 1194 indices, and 1 collision shape
Chunk generated with 916 vertices, 1374 indices, and 1 collision shape
Chunk generated with 1028 vertices, 1542 indices, and 1 collision shape
Chunk generated with 888 vertices, 1332 indices, and 1 collision shape
Chunk generated with 752 vertices, 1128 indices, and 1 collision shape
Chunk generated with 996 vertices, 1494 indices, and 1 collision shape
Chunk generated with 848 vertices, 1272 indices, and 1 collision shape
Chunk generated with 712 vertices, 1068 indices, and 1 collision shape
Chunk generated with 628 vertices, 942 indices, and 1 collision shape
Chunk generated with 680 vertices, 1020 indices, and 1 collision shape
Chunk generated with 860 vertices, 1290 indices, and 1 collision shape
Chunk generated with 868 vertices, 1302 indices, and 1 collision shape
Chunk generated with 608 vertices, 912 indices, and 1 collision shape
Chunk generated with 668 vertices, 1002 indices, and 1 collision shape
Chunk generated with 712 vertices, 1068 indices, and 1 collision shape
Chunk generated with 792 vertices, 1188 indices, and 1 collision shape
Chunk generated with 884 vertices, 1326 indices, and 1 collision shape
Chunk generated with 968 vertices, 1452 indices, and 1 collision shape
Chunk generated with 752 vertices, 1128 indices, and 1 collision shape
Chunk generated with 920 vertices, 1380 indices, and 1 collision shape
Chunk generated with 836 vertices, 1254 indices, and 1 collision shape
Chunk generated with 964 vertices, 1446 indices, and 1 collision shape
Chunk generated with 944 vertices, 1416 indices, and 1 collision shape
Chunk generated with 848 vertices, 1272 indices, and 1 collision shape
Chunk generated with 864 vertices, 1296 indices, and 1 collision shape
Chunk generated with 756 vertices, 1134 indices, and 1 collision shape
Chunk generated with 552 vertices, 828 indices, and 1 collision shape
Chunk generated with 796 vertices, 1194 indices, and 1 collision shape
Chunk generated with 952 vertices, 1428 indices, and 1 collision shape
Chunk generated with 984 vertices, 1476 indices, and 1 collision shape
Chunk generated with 996 vertices, 1494 indices, and 1 collision shape
Chunk generated with 840 vertices, 1260 indices, and 1 collision shape
Chunk generated with 756 vertices, 1134 indices, and 1 collision shape
Chunk generated with 868 vertices, 1302 indices, and 1 collision shape
Chunk generated with 808 vertices, 1212 indices, and 1 collision shape
Chunk generated with 904 vertices, 1356 indices, and 1 collision shape
Chunk generated with 1064 vertices, 1596 indices, and 1 collision shape
Chunk generated with 1084 vertices, 1626 indices, and 1 collision shape
Chunk generated with 804 vertices, 1206 indices, and 1 collision shape
Chunk generated with 628 vertices, 942 indices, and 1 collision shape
Chunk generated with 804 vertices, 1206 indices, and 1 collision shape
Chunk generated with 996 vertices, 1494 indices, and 1 collision shape
Chunk generated with 848 vertices, 1272 indices, and 1 collision shape
Chunk generated with 856 vertices, 1284 indices, and 1 collision shape
Chunk generated with 852 vertices, 1278 indices, and 1 collision shape
Chunk generated with 848 vertices, 1272 indices, and 1 collision shape
Chunk generated with 1016 vertices, 1524 indices, and 1 collision shape
Chunk generated with 944 vertices, 1416 indices, and 1 collision shape
Chunk generated with 864 vertices, 1296 indices, and 1 collision shape
Chunk generated with 756 vertices, 1134 indices, and 1 collision shape
Chunk generated with 724 vertices, 1086 indices, and 1 collision shape
Chunk generated with 920 vertices, 1380 indices, and 1 collision shape
Chunk generated with 788 vertices, 1182 indices, and 1 collision shape
Chunk generated with 920 vertices, 1380 indices, and 1 collision shape
Chunk generated with 580 vertices, 870 indices, and 1 collision shape
Chunk generated with 680 vertices, 1020 indices, and 1 collision shape
Chunk generated with 672 vertices, 1008 indices, and 1 collision shape
Chunk generated with 908 vertices, 1362 indices, and 1 collision shape
Chunk generated with 908 vertices, 1362 indices, and 1 collision shape
Chunk generated with 924 vertices, 1386 indices, and 1 collision shape
Chunk generated with 828 vertices, 1242 indices, and 1 collision shape
Chunk generated with 860 vertices, 1290 indices, and 1 collision shape
Chunk generated with 836 vertices, 1254 indices, and 1 collision shape
Chunk generated with 992 vertices, 1488 indices, and 1 collision shape
Chunk generated with 912 vertices, 1368 indices, and 1 collision shape
Chunk generated with 700 vertices, 1050 indices, and 1 collision shape
Chunk generated with 648 vertices, 972 indices, and 1 collision shape
Chunk generated with 648 vertices, 972 indices, and 1 collision shape
Chunk generated with 608 vertices, 912 indices, and 1 collision shape
Chunk generated with 564 vertices, 846 indices, and 1 collision shape
Chunk generated with 732 vertices, 1098 indices, and 1 collision shape
Chunk generated with 576 vertices, 864 indices, and 1 collision shape
Chunk generated with 652 vertices, 978 indices, and 1 collision shape
Chunk generated with 720 vertices, 1080 indices, and 1 collision shape
Chunk generated with 712 vertices, 1068 indices, and 1 collision shape
Chunk generated with 860 vertices, 1290 indices, and 1 collision shape
Chunk generated with 800 vertices, 1200 indices, and 1 collision shape
Chunk generated with 868 vertices, 1302 indices, and 1 collision shape
Chunk generated with 780 vertices, 1170 indices, and 1 collision shape
Chunk generated with 692 vertices, 1038 indices, and 1 collision shape
Chunk generated with 548 vertices, 822 indices, and 1 collision shape
Chunk generated with 740 vertices, 1110 indices, and 1 collision shape
Chunk generated with 940 vertices, 1410 indices, and 1 collision shape
Chunk generated with 704 vertices, 1056 indices, and 1 collision shape
Chunk generated with 688 vertices, 1032 indices, and 1 collision shape
Chunk generated with 664 vertices, 996 indices, and 1 collision shape
Chunk generated with 864 vertices, 1296 indices, and 1 collision shape
Chunk generated with 784 vertices, 1176 indices, and 1 collision shape
Chunk generated with 840 vertices, 1260 indices, and 1 collision shape
Chunk generated with 848 vertices, 1272 indices, and 1 collision shape
Chunk generated with 704 vertices, 1056 indices, and 1 collision shape
Chunk generated with 936 vertices, 1404 indices, and 1 collision shape
Chunk generated with 804 vertices, 1206 indices, and 1 collision shape
Chunk generated with 892 vertices, 1338 indices, and 1 collision shape
Chunk generated with 868 vertices, 1302 indices, and 1 collision shape
Chunk generated with 1020 vertices, 1530 indices, and 1 collision shape
Chunk generated with 948 vertices, 1422 indices, and 1 collision shape
Chunk generated with 920 vertices, 1380 indices, and 1 collision shape
Chunk generated with 868 vertices, 1302 indices, and 1 collision shape
Chunk generated with 740 vertices, 1110 indices, and 1 collision shape
Chunk generated with 804 vertices, 1206 indices, and 1 collision shape
Chunk generated with 1064 vertices, 1596 indices, and 1 collision shape
Chunk generated with 968 vertices, 1452 indices, and 1 collision shape
Chunk generated with 880 vertices, 1320 indices, and 1 collision shape
Chunk generated with 660 vertices, 990 indices, and 1 collision shape
Chunk generated with 968 vertices, 1452 indices, and 1 collision shape
Chunk generated with 1024 vertices, 1536 indices, and 1 collision shape
Chunk generated with 976 vertices, 1464 indices, and 1 collision shape
Chunk generated with 892 vertices, 1338 indices, and 1 collision shape
Chunk generated with 436 vertices, 654 indices, and 1 collision shape
Chunk generated with 876 vertices, 1314 indices, and 1 collision shape
Chunk generated with 952 vertices, 1428 indices, and 1 collision shape
Chunk generated with 676 vertices, 1014 indices, and 1 collision shape
Chunk generated with 980 vertices, 1470 indices, and 1 collision shape
Chunk generated with 832 vertices, 1248 indices, and 1 collision shape
Chunk generated with 964 vertices, 1446 indices, and 1 collision shape
Chunk generated with 1064 vertices, 1596 indices, and 1 collision shape
Chunk generated with 872 vertices, 1308 indices, and 1 collision shape
Chunk generated with 804 vertices, 1206 indices, and 1 collision shape
Chunk generated with 760 vertices, 1140 indices, and 1 collision shape
Chunk generated with 1156 vertices, 1734 indices, and 1 collision shape
Chunk generated with 912 vertices, 1368 indices, and 1 collision shape
Chunk generated with 960 vertices, 1440 indices, and 1 collision shape
Chunk generated with 944 vertices, 1416 indices, and 1 collision shape
Chunk generated with 748 vertices, 1122 indices, and 1 collision shape
Chunk generated with 740 vertices, 1110 indices, and 1 collision shape
Chunk generated with 884 vertices, 1326 indices, and 1 collision shape
Chunk generated with 896 vertices, 1344 indices, and 1 collision shape
Chunk generated with 720 vertices, 1080 indices, and 1 collision shape
Chunk generated with 732 vertices, 1098 indices, and 1 collision shape
Chunk generated with 836 vertices, 1254 indices, and 1 collision shape
Chunk generated with 1004 vertices, 1506 indices, and 1 collision shape
Chunk generated with 784 vertices, 1176 indices, and 1 collision shape
Chunk generated with 904 vertices, 1356 indices, and 1 collision shape
Chunk generated with 800 vertices, 1200 indices, and 1 collision shape
Chunk generated with 960 vertices, 1440 indices, and 1 collision shape
Chunk generated with 852 vertices, 1278 indices, and 1 collision shape
Chunk generated with 964 vertices, 1446 indices, and 1 collision shape
Chunk generated with 1124 vertices, 1686 indices, and 1 collision shape
Chunk generated with 884 vertices, 1326 indices, and 1 collision shape
Chunk generated with 748 vertices, 1122 indices, and 1 collision shape
Chunk generated with 708 vertices, 1062 indices, and 1 collision shape
Chunk generated with 864 vertices, 1296 indices, and 1 collision shape
Chunk generated with 788 vertices, 1182 indices, and 1 collision shape
Chunk generated with 956 vertices, 1434 indices, and 1 collision shape
Chunk generated with 852 vertices, 1278 indices, and 1 collision shape
Chunk generated with 856 vertices, 1284 indices, and 1 collision shape
Chunk generated with 660 vertices, 990 indices, and 1 collision shape
Chunk generated with 744 vertices, 1116 indices, and 1 collision shape
Chunk generated with 864 vertices, 1296 indices, and 1 collision shape
Chunk generated with 852 vertices, 1278 indices, and 1 collision shape
Chunk generated with 752 vertices, 1128 indices, and 1 collision shape
Chunk generated with 776 vertices, 1164 indices, and 1 collision shape
Chunk generated with 652 vertices, 978 indices, and 1 collision shape
Chunk generated with 896 vertices, 1344 indices, and 1 collision shape
Chunk generated with 620 vertices, 930 indices, and 1 collision shape
Chunk generated with 716 vertices, 1074 indices, and 1 collision shape
Chunk generated with 884 vertices, 1326 indices, and 1 collision shape
Chunk generated with 888 vertices, 1332 indices, and 1 collision shape
Chunk generated with 900 vertices, 1350 indices, and 1 collision shape
Chunk generated with 880 vertices, 1320 indices, and 1 collision shape
Chunk generated with 692 vertices, 1038 indices, and 1 collision shape
Chunk generated with 856 vertices, 1284 indices, and 1 collision shape
Chunk generated with 948 vertices, 1422 indices, and 1 collision shape
Chunk generated with 876 vertices, 1314 indices, and 1 collision shape
Chunk generated with 904 vertices, 1356 indices, and 1 collision shape
Chunk generated with 992 vertices, 1488 indices, and 1 collision shape
Chunk generated with 936 vertices, 1404 indices, and 1 collision shape
Chunk generated with 928 vertices, 1392 indices, and 1 collision shape
Chunk generated with 948 vertices, 1422 indices, and 1 collision shape
Chunk generated with 1108 vertices, 1662 indices, and 1 collision shape
Chunk generated with 868 vertices, 1302 indices, and 1 collision shape
Chunk generated with 876 vertices, 1314 indices, and 1 collision shape
Chunk generated with 708 vertices, 1062 indices, and 1 collision shape
Chunk generated with 912 vertices, 1368 indices, and 1 collision shape
Chunk generated with 852 vertices, 1278 indices, and 1 collision shape
Chunk generated with 1028 vertices, 1542 indices, and 1 collision shape
Chunk generated with 796 vertices, 1194 indices, and 1 collision shape
Chunk generated with 620 vertices, 930 indices, and 1 collision shape
Chunk generated with 616 vertices, 924 indices, and 1 collision shape
Chunk generated with 924 vertices, 1386 indices, and 1 collision shape
Chunk generated with 820 vertices, 1230 indices, and 1 collision shape
Chunk generated with 888 vertices, 1332 indices, and 1 collision shape
Chunk generated with 872 vertices, 1308 indices, and 1 collision shape
Chunk generated with 1228 vertices, 1842 indices, and 1 collision shape
Chunk generated with 968 vertices, 1452 indices, and 1 collision shape
Chunk generated with 740 vertices, 1110 indices, and 1 collision shape
Chunk generated with 748 vertices, 1122 indices, and 1 collision shape
Chunk generated with 788 vertices, 1182 indices, and 1 collision shape
Chunk generated with 784 vertices, 1176 indices, and 1 collision shape
Chunk generated with 900 vertices, 1350 indices, and 1 collision shape
Chunk generated with 1076 vertices, 1614 indices, and 1 collision shape
Chunk generated with 972 vertices, 1458 indices, and 1 collision shape
Chunk generated with 936 vertices, 1404 indices, and 1 collision shape
Chunk generated with 1096 vertices, 1644 indices, and 1 collision shape
Chunk generated with 820 vertices, 1230 indices, and 1 collision shape
Chunk generated with 1132 vertices, 1698 indices, and 1 collision shape
Chunk generated with 804 vertices, 1206 indices, and 1 collision shape
Chunk generated with 900 vertices, 1350 indices, and 1 collision shape
Chunk generated with 840 vertices, 1260 indices, and 1 collision shape
Chunk generated with 988 vertices, 1482 indices, and 1 collision shape
Chunk generated with 912 vertices, 1368 indices, and 1 collision shape
Chunk generated with 968 vertices, 1452 indices, and 1 collision shape
Chunk generated with 840 vertices, 1260 indices, and 1 collision shape
Chunk generated with 1032 vertices, 1548 indices, and 1 collision shape
Chunk generated with 940 vertices, 1410 indices, and 1 collision shape
Chunk generated with 1180 vertices, 1770 indices, and 1 collision shape
Chunk generated with 976 vertices, 1464 indices, and 1 collision shape
Chunk generated with 648 vertices, 972 indices, and 1 collision shape
Chunk generated with 856 vertices, 1284 indices, and 1 collision shape
Chunk generated with 848 vertices, 1272 indices, and 1 collision shape
Chunk generated with 856 vertices, 1284 indices, and 1 collision shape
Chunk generated with 808 vertices, 1212 indices, and 1 collision shape
Chunk generated with 916 vertices, 1374 indices, and 1 collision shape
Chunk generated with 836 vertices, 1254 indices, and 1 collision shape
Chunk generated with 920 vertices, 1380 indices, and 1 collision shape
Chunk generated with 680 vertices, 1020 indices, and 1 collision shape
Chunk generated with 744 vertices, 1116 indices, and 1 collision shape
Chunk generated with 812 vertices, 1218 indices, and 1 collision shape
Chunk generated with 936 vertices, 1404 indices, and 1 collision shape
Chunk generated with 740 vertices, 1110 indices, and 1 collision shape
Chunk generated with 1000 vertices, 1500 indices, and 1 collision shape
Chunk generated with 820 vertices, 1230 indices, and 1 collision shape
Chunk generated with 908 vertices, 1362 indices, and 1 collision shape
Chunk generated with 904 vertices, 1356 indices, and 1 collision shape
Chunk generated with 932 vertices, 1398 indices, and 1 collision shape
Chunk generated with 868 vertices, 1302 indices, and 1 collision shape
Chunk generated with 688 vertices, 1032 indices, and 1 collision shape
Chunk generated with 788 vertices, 1182 indices, and 1 collision shape
Chunk generated with 1124 vertices, 1686 indices, and 1 collision shape
Chunk generated with 832 vertices, 1248 indices, and 1 collision shape
Chunk generated with 856 vertices, 1284 indices, and 1 collision shape
Chunk generated with 884 vertices, 1326 indices, and 1 collision shape
Chunk generated with 864 vertices, 1296 indices, and 1 collision shape
Chunk generated with 908 vertices, 1362 indices, and 1 collision shape
Chunk generated with 788 vertices, 1182 indices, and 1 collision shape
Chunk generated with 648 vertices, 972 indices, and 1 collision shape
Chunk generated with 1060 vertices, 1590 indices, and 1 collision shape
Chunk generated with 848 vertices, 1272 indices, and 1 collision shape
Chunk generated with 628 vertices, 942 indices, and 1 collision shape
Chunk generated with 888 vertices, 1332 indices, and 1 collision shape
Chunk generated with 984 vertices, 1476 indices, and 1 collision shape
Chunk generated with 784 vertices, 1176 indices, and 1 collision shape
Chunk generated with 876 vertices, 1314 indices, and 1 collision shape
Chunk generated with 724 vertices, 1086 indices, and 1 collision shape
Chunk generated with 792 vertices, 1188 indices, and 1 collision shape
Chunk generated with 768 vertices, 1152 indices, and 1 collision shape
Chunk generated with 752 vertices, 1128 indices, and 1 collision shape
Chunk generated with 956 vertices, 1434 indices, and 1 collision shape
Chunk generated with 748 vertices, 1122 indices, and 1 collision shape
Chunk generated with 1020 vertices, 1530 indices, and 1 collision shape
Chunk generated with 888 vertices, 1332 indices, and 1 collision shape
Chunk generated with 924 vertices, 1386 indices, and 1 collision shape
Chunk generated with 928 vertices, 1392 indices, and 1 collision shape
Chunk generated with 692 vertices, 1038 indices, and 1 collision shape
Chunk generated with 968 vertices, 1452 indices, and 1 collision shape
Chunk generated with 896 vertices, 1344 indices, and 1 collision shape
Chunk generated with 860 vertices, 1290 indices, and 1 collision shape
Chunk generated with 852 vertices, 1278 indices, and 1 collision shape
Chunk generated with 904 vertices, 1356 indices, and 1 collision shape
Chunk generated with 1064 vertices, 1596 indices, and 1 collision shape
Chunk generated with 840 vertices, 1260 indices, and 1 collision shape
Chunk generated with 808 vertices, 1212 indices, and 1 collision shape
Chunk generated with 764 vertices, 1146 indices, and 1 collision shape
Chunk generated with 592 vertices, 888 indices, and 1 collision shape
Chunk generated with 912 vertices, 1368 indices, and 1 collision shape
Chunk generated with 680 vertices, 1020 indices, and 1 collision shape
Chunk generated with 568 vertices, 852 indices, and 1 collision shape
Chunk generated with 820 vertices, 1230 indices, and 1 collision shape
Chunk generated with 780 vertices, 1170 indices, and 1 collision shape
Chunk generated with 796 vertices, 1194 indices, and 1 collision shape
Chunk generated with 1080 vertices, 1620 indices, and 1 collision shape
Chunk generated with 804 vertices, 1206 indices, and 1 collision shape
Chunk generated with 904 vertices, 1356 indices, and 1 collision shape
Chunk generated with 692 vertices, 1038 indices, and 1 collision shape
Chunk generated with 1092 vertices, 1638 indices, and 1 collision shape
Chunk generated with 1076 vertices, 1614 indices, and 1 collision shape
Chunk generated with 964 vertices, 1446 indices, and 1 collision shape
Chunk generated with 944 vertices, 1416 indices, and 1 collision shape
Chunk generated with 936 vertices, 1404 indices, and 1 collision shape
Chunk generated with 1040 vertices, 1560 indices, and 1 collision shape
Chunk generated with 940 vertices, 1410 indices, and 1 collision shape
Chunk generated with 804 vertices, 1206 indices, and 1 collision shape
Chunk generated with 920 vertices, 1380 indices, and 1 collision shape
Chunk generated with 680 vertices, 1020 indices, and 1 collision shape
Chunk generated with 984 vertices, 1476 indices, and 1 collision shape
Chunk generated with 992 vertices, 1488 indices, and 1 collision shape
Chunk generated with 788 vertices, 1182 indices, and 1 collision shape
Chunk generated with 948 vertices, 1422 indices, and 1 collision shape
Chunk generated with 756 vertices, 1134 indices, and 1 collision shape
Chunk generated with 836 vertices, 1254 indices, and 1 collision shape
Chunk generated with 712 vertices, 1068 indices, and 1 collision shape
Chunk generated with 804 vertices, 1206 indices, and 1 collision shape
Chunk generated with 916 vertices, 1374 indices, and 1 collision shape
Chunk generated with 940 vertices, 1410 indices, and 1 collision shape
Chunk generated with 928 vertices, 1392 indices, and 1 collision shape
Chunk generated with 808 vertices, 1212 indices, and 1 collision shape
Chunk generated with 856 vertices, 1284 indices, and 1 collision shape
Chunk generated with 684 vertices, 1026 indices, and 1 collision shape
Chunk generated with 744 vertices, 1116 indices, and 1 collision shape
Chunk generated with 904 vertices, 1356 indices, and 1 collision shape
Chunk generated with 972 vertices, 1458 indices, and 1 collision shape
Chunk generated with 1080 vertices, 1620 indices, and 1 collision shape
Chunk generated with 836 vertices, 1254 indices, and 1 collision shape
Chunk generated with 944 vertices, 1416 indices, and 1 collision shape
Chunk generated with 920 vertices, 1380 indices, and 1 collision shape
Chunk generated with 948 vertices, 1422 indices, and 1 collision shape
Chunk generated with 640 vertices, 960 indices, and 1 collision shape
Chunk generated with 780 vertices, 1170 indices, and 1 collision shape
Chunk generated with 776 vertices, 1164 indices, and 1 collision shape
Chunk generated with 812 vertices, 1218 indices, and 1 collision shape
Chunk generated with 820 vertices, 1230 indices, and 1 collision shape
Chunk generated with 948 vertices, 1422 indices, and 1 collision shape
Chunk generated with 1100 vertices, 1650 indices, and 1 collision shape
Chunk generated with 936 vertices, 1404 indices, and 1 collision shape
Chunk generated with 1180 vertices, 1770 indices, and 1 collision shape
Chunk generated with 676 vertices, 1014 indices, and 1 collision shape
Chunk generated with 624 vertices, 936 indices, and 1 collision shape
Chunk generated with 948 vertices, 1422 indices, and 1 collision shape
Chunk generated with 660 vertices, 990 indices, and 1 collision shape
Chunk generated with 672 vertices, 1008 indices, and 1 collision shape
Chunk generated with 940 vertices, 1410 indices, and 1 collision shape
Chunk generated with 1112 vertices, 1668 indices, and 1 collision shape
Chunk generated with 604 vertices, 906 indices, and 1 collision shape
Chunk generated with 964 vertices, 1446 indices, and 1 collision shape
Chunk generated with 696 vertices, 1044 indices, and 1 collision shape
Chunk generated with 924 vertices, 1386 indices, and 1 collision shape
Chunk generated with 820 vertices, 1230 indices, and 1 collision shape
Chunk generated with 844 vertices, 1266 indices, and 1 collision shape
Chunk generated with 872 vertices, 1308 indices, and 1 collision shape
Chunk generated with 924 vertices, 1386 indices, and 1 collision shape
Chunk generated with 760 vertices, 1140 indices, and 1 collision shape
Chunk generated with 836 vertices, 1254 indices, and 1 collision shape
Chunk generated with 1128 vertices, 1692 indices, and 1 collision shape
Chunk generated with 872 vertices, 1308 indices, and 1 collision shape
Chunk generated with 996 vertices, 1494 indices, and 1 collision shape
Chunk generated with 888 vertices, 1332 indices, and 1 collision shape
Chunk generated with 888 vertices, 1332 indices, and 1 collision shape
Chunk generated with 1080 vertices, 1620 indices, and 1 collision shape
Chunk generated with 888 vertices, 1332 indices, and 1 collision shape
Chunk generated with 616 vertices, 924 indices, and 1 collision shape
Chunk generated with 680 vertices, 1020 indices, and 1 collision shape
Chunk generated with 924 vertices, 1386 indices, and 1 collision shape
Chunk generated with 784 vertices, 1176 indices, and 1 collision shape
Chunk generated with 956 vertices, 1434 indices, and 1 collision shape
Chunk generated with 832 vertices, 1248 indices, and 1 collision shape
Chunk generated with 856 vertices, 1284 indices, and 1 collision shape
Chunk generated with 668 vertices, 1002 indices, and 1 collision shape
Chunk generated with 916 vertices, 1374 indices, and 1 collision shape
Chunk generated with 1036 vertices, 1554 indices, and 1 collision shape
Chunk generated with 616 vertices, 924 indices, and 1 collision shape
Chunk generated with 908 vertices, 1362 indices, and 1 collision shape
Chunk generated with 852 vertices, 1278 indices, and 1 collision shape
Chunk generated with 860 vertices, 1290 indices, and 1 collision shape
Project FPS: 178 (5.61 mspf)
Project FPS: 180 (5.55 mspf)
Project FPS: 180 (5.55 mspf)
Project FPS: 181 (5.52 mspf)
Project FPS: 141 (7.09 mspf)
Project FPS: 178 (5.61 mspf)
Project FPS: 175 (5.71 mspf)
Project FPS: 183 (5.46 mspf)
Project FPS: 170 (5.88 mspf)
Project FPS: 139 (7.19 mspf)
Project FPS: 173 (5.78 mspf)
Project FPS: 160 (6.25 mspf)
Project FPS: 181 (5.52 mspf)
Project FPS: 155 (6.45 mspf)
Project FPS: 180 (5.55 mspf)
Project FPS: 180 (5.55 mspf)
Project FPS: 162 (6.17 mspf)
Project FPS: 173 (5.78 mspf)
Project FPS: 180 (5.55 mspf)
Project FPS: 177 (5.64 mspf)
Project FPS: 180 (5.55 mspf)
Project FPS: 172 (5.81 mspf)
Project FPS: 172 (5.81 mspf)
Project FPS: 171 (5.84 mspf)
Project FPS: 172 (5.81 mspf)
Project FPS: 168 (5.95 mspf)
Project FPS: 180 (5.55 mspf)
Project FPS: 180 (5.55 mspf)
Project FPS: 180 (5.55 mspf)
Project FPS: 177 (5.64 mspf)
Project FPS: 171 (5.84 mspf)
Project FPS: 176 (5.68 mspf)
Project FPS: 180 (5.55 mspf)
Project FPS: 180 (5.55 mspf)
Project FPS: 176 (5.68 mspf)
Project FPS: 172 (5.81 mspf)
Project FPS: 180 (5.55 mspf)
