Godot Engine v4.2.2.stable.mono.official.15073afe3 - https://godotengine.org
Vulkan API 1.4.308 - Forward+ - Using Vulkan Device #0: AMD - AMD Radeon RX 7900 XT
Requested V-Sync mode: Enabled - FPS will likely be capped to the monitor refresh rate.
 
Chunk generated with 220 vertices, 330 indices, and 1 collision shape
Chunk generated with 152 vertices, 228 indices, and 1 collision shape
Chunk generated with 224 vertices, 336 indices, and 1 collision shape
Chunk generated with 220 vertices, 330 indices, and 1 collision shape
Chunk generated with 152 vertices, 228 indices, and 1 collision shape
Chunk generated with 120 vertices, 180 indices, and 1 collision shape
Chunk generated with 176 vertices, 264 indices, and 1 collision shape
Chunk generated with 248 vertices, 372 indices, and 1 collision shape
Chunk generated with 228 vertices, 342 indices, and 1 collision shape
Chunk generated with 216 vertices, 324 indices, and 1 collision shape
Chunk generated with 220 vertices, 330 indices, and 1 collision shape
Chunk generated with 132 vertices, 198 indices, and 1 collision shape
Chunk generated with 232 vertices, 348 indices, and 1 collision shape
Chunk generated with 152 vertices, 228 indices, and 1 collision shape
Chunk generated with 172 vertices, 258 indices, and 1 collision shape
Chunk generated with 200 vertices, 300 indices, and 1 collision shape
Chunk generated with 228 vertices, 342 indices, and 1 collision shape
Chunk generated with 204 vertices, 306 indices, and 1 collision shape
Chunk generated with 168 vertices, 252 indices, and 1 collision shape
Chunk generated with 208 vertices, 312 indices, and 1 collision shape
Chunk generated with 224 vertices, 336 indices, and 1 collision shape
Chunk generated with 208 vertices, 312 indices, and 1 collision shape
Chunk generated with 208 vertices, 312 indices, and 1 collision shape
Chunk generated with 240 vertices, 360 indices, and 1 collision shape
Chunk generated with 200 vertices, 300 indices, and 1 collision shape
Chunk generated with 228 vertices, 342 indices, and 1 collision shape
Chunk generated with 204 vertices, 306 indices, and 1 collision shape
Chunk generated with 156 vertices, 234 indices, and 1 collision shape
Chunk generated with 200 vertices, 300 indices, and 1 collision shape
Chunk generated with 168 vertices, 252 indices, and 1 collision shape
Chunk generated with 152 vertices, 228 indices, and 1 collision shape
Chunk generated with 136 vertices, 204 indices, and 1 collision shape
Chunk generated with 196 vertices, 294 indices, and 1 collision shape
Chunk generated with 244 vertices, 366 indices, and 1 collision shape
Chunk generated with 168 vertices, 252 indices, and 1 collision shape
Chunk generated with 208 vertices, 312 indices, and 1 collision shape
Chunk generated with 136 vertices, 204 indices, and 1 collision shape
Chunk generated with 256 vertices, 384 indices, and 1 collision shape
Chunk generated with 192 vertices, 288 indices, and 1 collision shape
Chunk generated with 176 vertices, 264 indices, and 1 collision shape
Chunk generated with 184 vertices, 276 indices, and 1 collision shape
Chunk generated with 184 vertices, 276 indices, and 1 collision shape
Chunk generated with 296 vertices, 444 indices, and 1 collision shape
Chunk generated with 256 vertices, 384 indices, and 1 collision shape
Chunk generated with 180 vertices, 270 indices, and 1 collision shape
Chunk generated with 184 vertices, 276 indices, and 1 collision shape
Chunk generated with 172 vertices, 258 indices, and 1 collision shape
Chunk generated with 244 vertices, 366 indices, and 1 collision shape
Chunk generated with 176 vertices, 264 indices, and 1 collision shape
Chunk generated with 100 vertices, 150 indices, and 1 collision shape
Chunk generated with 80 vertices, 120 indices, and 1 collision shape
Chunk generated with 200 vertices, 300 indices, and 1 collision shape
Chunk generated with 52 vertices, 78 indices, and 1 collision shape
Chunk generated with 228 vertices, 342 indices, and 1 collision shape
Chunk generated with 232 vertices, 348 indices, and 1 collision shape
Chunk generated with 160 vertices, 240 indices, and 1 collision shape
Chunk generated with 264 vertices, 396 indices, and 1 collision shape
Chunk generated with 220 vertices, 330 indices, and 1 collision shape
Chunk generated with 148 vertices, 222 indices, and 1 collision shape
Chunk generated with 180 vertices, 270 indices, and 1 collision shape
Chunk generated with 224 vertices, 336 indices, and 1 collision shape
Chunk generated with 160 vertices, 240 indices, and 1 collision shape
Chunk generated with 168 vertices, 252 indices, and 1 collision shape
Chunk generated with 188 vertices, 282 indices, and 1 collision shape
Project FPS: 110 (9.09 mspf)
Project FPS: 111 (9.00 mspf)
Project FPS: 116 (8.62 mspf)
Project FPS: 117 (8.54 mspf)
Project FPS: 102 (9.80 mspf)
Project FPS: 120 (8.33 mspf)
Project FPS: 132 (7.57 mspf)
Project FPS: 148 (6.75 mspf)
Project FPS: 177 (5.64 mspf)
Project FPS: 180 (5.55 mspf)
Project FPS: 180 (5.55 mspf)
Project FPS: 180 (5.55 mspf)
Project FPS: 180 (5.55 mspf)
Project FPS: 180 (5.55 mspf)
Project FPS: 181 (5.52 mspf)
Project FPS: 180 (5.55 mspf)
Project FPS: 180 (5.55 mspf)
Project FPS: 176 (5.68 mspf)
Project FPS: 177 (5.64 mspf)
Project FPS: 176 (5.68 mspf)
Project FPS: 180 (5.55 mspf)
Project FPS: 180 (5.55 mspf)
Project FPS: 179 (5.58 mspf)
Project FPS: 179 (5.58 mspf)
Project FPS: 180 (5.55 mspf)
Project FPS: 180 (5.55 mspf)
Project FPS: 181 (5.52 mspf)
Project FPS: 180 (5.55 mspf)
Project FPS: 180 (5.55 mspf)
Project FPS: 180 (5.55 mspf)
Project FPS: 180 (5.55 mspf)
Project FPS: 180 (5.55 mspf)
Project FPS: 180 (5.55 mspf)
Project FPS: 180 (5.55 mspf)
Project FPS: 180 (5.55 mspf)
Project FPS: 180 (5.55 mspf)
Project FPS: 180 (5.55 mspf)
Project FPS: 180 (5.55 mspf)
Project FPS: 178 (5.61 mspf)
Project FPS: 170 (5.88 mspf)
Project FPS: 182 (5.49 mspf)
Project FPS: 171 (5.84 mspf)
Project FPS: 105 (9.52 mspf)
Project FPS: 125 (8.00 mspf)
Project FPS: 142 (7.04 mspf)
Project FPS: 132 (7.57 mspf)
Project FPS: 120 (8.33 mspf)
Project FPS: 125 (8.00 mspf)
Project FPS: 135 (7.40 mspf)
Project FPS: 130 (7.69 mspf)
Project FPS: 132 (7.57 mspf)
Project FPS: 126 (7.93 mspf)
Project FPS: 180 (5.55 mspf)
Project FPS: 180 (5.55 mspf)
Project FPS: 180 (5.55 mspf)
Project FPS: 180 (5.55 mspf)
Project FPS: 180 (5.55 mspf)
Project FPS: 180 (5.55 mspf)
Project FPS: 180 (5.55 mspf)
Project FPS: 181 (5.52 mspf)
Project FPS: 180 (5.55 mspf)
Project FPS: 180 (5.55 mspf)
Project FPS: 180 (5.55 mspf)
Project FPS: 180 (5.55 mspf)
Project FPS: 180 (5.55 mspf)
Project FPS: 180 (5.55 mspf)
Project FPS: 180 (5.55 mspf)
Project FPS: 180 (5.55 mspf)
Project FPS: 180 (5.55 mspf)
Project FPS: 180 (5.55 mspf)
Project FPS: 180 (5.55 mspf)
Project FPS: 180 (5.55 mspf)
Project FPS: 180 (5.55 mspf)
Project FPS: 180 (5.55 mspf)
Project FPS: 180 (5.55 mspf)
Project FPS: 180 (5.55 mspf)
Project FPS: 180 (5.55 mspf)
Project FPS: 180 (5.55 mspf)
Project FPS: 180 (5.55 mspf)
Project FPS: 178 (5.61 mspf)
Project FPS: 180 (5.55 mspf)
Project FPS: 180 (5.55 mspf)
Project FPS: 180 (5.55 mspf)
Project FPS: 181 (5.52 mspf)
Project FPS: 180 (5.55 mspf)
Project FPS: 180 (5.55 mspf)
Project FPS: 180 (5.55 mspf)
Project FPS: 180 (5.55 mspf)
Project FPS: 180 (5.55 mspf)
Project FPS: 179 (5.58 mspf)
Project FPS: 180 (5.55 mspf)
Project FPS: 180 (5.55 mspf)
Project FPS: 180 (5.55 mspf)
Project FPS: 180 (5.55 mspf)
Project FPS: 180 (5.55 mspf)
Project FPS: 181 (5.52 mspf)
Project FPS: 174 (5.74 mspf)
Project FPS: 180 (5.55 mspf)
Project FPS: 177 (5.64 mspf)
