Godot Engine v4.2.2.stable.mono.official.15073afe3 - https://godotengine.org
Vulkan API 1.3.242 - Forward+ - Using Vulkan Device #0: NVIDIA - NVIDIA GeForce RTX 4070 Laptop GPU
 
Selected block type: Stone
Mesh generated with vertices: 20208 and indices: 30312
Destroying block at: (10.15433, 10.81304, 17.30477)
Destroying block at grid position: (5, 5, 8)
Clearing old mesh and collision shapes...
Old children cleared. Regenerating chunk mesh...
Mesh generated with vertices: 20208 and indices: 30312
Camera found: Camera3D Position: (12.2526, 17.35727, 23.3847)
Light found: DirectionalLight3D Position: (-360.801, 164.306, -166.525)
Playing animation: arm_move
Destroying block at: (8.946609, 10.81304, 17.28414)
Destroying block at grid position: (4, 5, 8)
Clearing old mesh and collision shapes...
Old children cleared. Regenerating chunk mesh...
Mesh generated with vertices: 20208 and indices: 30312
Camera found: Camera3D Position: (12.27351, 17.28791, 23.37385)
Light found: DirectionalLight3D Position: (-360.801, 164.306, -166.525)
Playing animation: arm_move
Destroying block at: (13.20494, 13.33319, 15)
Destroying block at grid position: (6, 6, 7)
Clearing old mesh and collision shapes...
Old children cleared. Regenerating chunk mesh...
Mesh generated with vertices: 20208 and indices: 30312
Camera found: Camera3D Position: (12.26921, 17.28578, 23.38715)
Light found: DirectionalLight3D Position: (-360.801, 164.306, -166.525)
Playing animation: arm_move
Destroying block at: (14.57163, 12.81304, 17.84271)
Destroying block at grid position: (7, 6, 8)
Clearing old mesh and collision shapes...
Old children cleared. Regenerating chunk mesh...
Mesh generated with vertices: 20208 and indices: 30312
Camera found: Camera3D Position: (12.26476, 17.28571, 23.39157)
Light found: DirectionalLight3D Position: (-360.801, 164.306, -166.525)
Playing animation: arm_move
Destroying block at: (17.86585, 12.81304, 20.0628)
Destroying block at grid position: (8, 6, 10)
Clearing old mesh and collision shapes...
Old children cleared. Regenerating chunk mesh...
Mesh generated with vertices: 20208 and indices: 30312
Camera found: Camera3D Position: (13.04585, 17.32525, 24.29609)
Light found: DirectionalLight3D Position: (-360.801, 164.306, -166.525)
Playing animation: arm_move
Destroying block at: (21.09286, 12.81304, 20.24401)
Destroying block at grid position: (10, 6, 10)
Clearing old mesh and collision shapes...
Old children cleared. Regenerating chunk mesh...
Mesh generated with vertices: 20208 and indices: 30312
Camera found: Camera3D Position: (16.3234, 17.43844, 24.4554)
Light found: DirectionalLight3D Position: (-360.801, 164.306, -166.525)
Playing animation: arm_move
Destroying block at: (24.0969, 12.81304, 20.69813)
Destroying block at grid position: (12, 6, 10)
Clearing old mesh and collision shapes...
Old children cleared. Regenerating chunk mesh...
Mesh generated with vertices: 20208 and indices: 30312
Camera found: Camera3D Position: (19.5379, 17.27975, 24.71479)
Light found: DirectionalLight3D Position: (-360.801, 164.306, -166.525)
Playing animation: arm_move
Destroying block at: (27.00394, 12.81304, 21.00591)
Destroying block at grid position: (13, 6, 10)
Clearing old mesh and collision shapes...
Old children cleared. Regenerating chunk mesh...
Mesh generated with vertices: 20208 and indices: 30312
Camera found: Camera3D Position: (22.64649, 17.14183, 24.85411)
Light found: DirectionalLight3D Position: (-360.801, 164.306, -166.525)
Playing animation: arm_move
Placing block at: (22.92261, 14.81304, 18.96994)
Placing block at grid position: (11, 7, 9) with type: Stone
Clearing old mesh and collision shapes...
Old children cleared. Regenerating chunk mesh...
Mesh generated with vertices: 20208 and indices: 30312
Camera found: Camera3D Position: (23.26655, 17.42578, 25.69184)
Light found: DirectionalLight3D Position: (-360.801, 164.306, -166.525)
Playing animation: arm_move
Placing block at: (19.42542, 14.81304, 19.20736)
Placing block at grid position: (9, 7, 9) with type: Stone
Clearing old mesh and collision shapes...
Old children cleared. Regenerating chunk mesh...
Mesh generated with vertices: 20208 and indices: 30312
Camera found: Camera3D Position: (19.68154, 17.34059, 25.86932)
Light found: DirectionalLight3D Position: (-360.801, 164.306, -166.525)
Playing animation: arm_move
Placing block at: (16.15693, 14.81304, 19.48286)
Placing block at grid position: (8, 7, 9) with type: Stone
Clearing old mesh and collision shapes...
Old children cleared. Regenerating chunk mesh...
Mesh generated with vertices: 20232 and indices: 30348
Camera found: Camera3D Position: (16.09214, 17.14424, 25.94951)
Light found: DirectionalLight3D Position: (-360.801, 164.306, -166.525)
Playing animation: arm_move
Placing block at: (13.08004, 12.81304, 17.74149)
Placing block at grid position: (6, 6, 8) with type: Stone
Clearing old mesh and collision shapes...
Old children cleared. Regenerating chunk mesh...
Mesh generated with vertices: 20256 and indices: 30384
Camera found: Camera3D Position: (12.84991, 17.27292, 25.91025)
Light found: DirectionalLight3D Position: (-360.801, 164.306, -166.525)
Playing animation: arm_move
Placing block at: (9.376784, 10.8049, 17)
Placing block at grid position: (4, 5, 8) with type: Stone
Clearing old mesh and collision shapes...
Old children cleared. Regenerating chunk mesh...
Mesh generated with vertices: 20256 and indices: 30384
Camera found: Camera3D Position: (9.107141, 17.42804, 25.80544)
Light found: DirectionalLight3D Position: (-360.801, 164.306, -166.525)
Playing animation: arm_move
