Godot Engine v4.2.2.stable.mono.official.15073afe3 - https://godotengine.org
Vulkan API 1.4.308 - Forward+ - Using Vulkan Device #0: AMD - AMD Radeon RX 7900 XT
Requested V-Sync mode: Enabled - FPS will likely be capped to the monitor refresh rate.
 
Chunk generated with 4520 vertices, 6780 indices, and 1 collision shape
Chunk generated with 4512 vertices, 6768 indices, and 1 collision shape
Chunk generated with 4968 vertices, 7452 indices, and 1 collision shape
Chunk generated with 5176 vertices, 7764 indices, and 1 collision shape
Chunk generated with 4520 vertices, 6780 indices, and 1 collision shape
Chunk generated with 4168 vertices, 6252 indices, and 1 collision shape
Chunk generated with 4680 vertices, 7020 indices, and 1 collision shape
Chunk generated with 4488 vertices, 6732 indices, and 1 collision shape
Chunk generated with 4136 vertices, 6204 indices, and 1 collision shape
Chunk generated with 4112 vertices, 6168 indices, and 1 collision shape
Chunk generated with 4944 vertices, 7416 indices, and 1 collision shape
Chunk generated with 5200 vertices, 7800 indices, and 1 collision shape
Chunk generated with 4536 vertices, 6804 indices, and 1 collision shape
Chunk generated with 4200 vertices, 6300 indices, and 1 collision shape
Chunk generated with 4168 vertices, 6252 indices, and 1 collision shape
Chunk generated with 4368 vertices, 6552 indices, and 1 collision shape
Chunk generated with 4064 vertices, 6096 indices, and 1 collision shape
Chunk generated with 4096 vertices, 6144 indices, and 1 collision shape
Chunk generated with 4808 vertices, 7212 indices, and 1 collision shape
Chunk generated with 4960 vertices, 7440 indices, and 1 collision shape
Chunk generated with 4832 vertices, 7248 indices, and 1 collision shape
Chunk generated with 4120 vertices, 6180 indices, and 1 collision shape
Chunk generated with 4184 vertices, 6276 indices, and 1 collision shape
Chunk generated with 4640 vertices, 6960 indices, and 1 collision shape
Chunk generated with 4160 vertices, 6240 indices, and 1 collision shape
Chunk generated with 4192 vertices, 6288 indices, and 1 collision shape
Chunk generated with 5032 vertices, 7548 indices, and 1 collision shape
Chunk generated with 4960 vertices, 7440 indices, and 1 collision shape
Chunk generated with 4288 vertices, 6432 indices, and 1 collision shape
Chunk generated with 4080 vertices, 6120 indices, and 1 collision shape
Chunk generated with 4704 vertices, 7056 indices, and 1 collision shape
Chunk generated with 4984 vertices, 7476 indices, and 1 collision shape
Chunk generated with 4008 vertices, 6012 indices, and 1 collision shape
Chunk generated with 4472 vertices, 6708 indices, and 1 collision shape
Chunk generated with 5056 vertices, 7584 indices, and 1 collision shape
Chunk generated with 4768 vertices, 7152 indices, and 1 collision shape
Chunk generated with 4040 vertices, 6060 indices, and 1 collision shape
Chunk generated with 4008 vertices, 6012 indices, and 1 collision shape
Chunk generated with 4832 vertices, 7248 indices, and 1 collision shape
Chunk generated with 4608 vertices, 6912 indices, and 1 collision shape
Chunk generated with 4328 vertices, 6492 indices, and 1 collision shape
Chunk generated with 4736 vertices, 7104 indices, and 1 collision shape
Chunk generated with 4920 vertices, 7380 indices, and 1 collision shape
Chunk generated with 4128 vertices, 6192 indices, and 1 collision shape
Chunk generated with 3840 vertices, 5760 indices, and 1 collision shape
Chunk generated with 4136 vertices, 6204 indices, and 1 collision shape
Chunk generated with 4968 vertices, 7452 indices, and 1 collision shape
Chunk generated with 4936 vertices, 7404 indices, and 1 collision shape
Chunk generated with 4704 vertices, 7056 indices, and 1 collision shape
Chunk generated with 4560 vertices, 6840 indices, and 1 collision shape
Chunk generated with 4848 vertices, 7272 indices, and 1 collision shape
Chunk generated with 4520 vertices, 6780 indices, and 1 collision shape
Chunk generated with 4064 vertices, 6096 indices, and 1 collision shape
Chunk generated with 4240 vertices, 6360 indices, and 1 collision shape
Chunk generated with 4592 vertices, 6888 indices, and 1 collision shape
Chunk generated with 5016 vertices, 7524 indices, and 1 collision shape
Chunk generated with 4368 vertices, 6552 indices, and 1 collision shape
Chunk generated with 4296 vertices, 6444 indices, and 1 collision shape
Chunk generated with 4752 vertices, 7128 indices, and 1 collision shape
Chunk generated with 4688 vertices, 7032 indices, and 1 collision shape
Chunk generated with 4712 vertices, 7068 indices, and 1 collision shape
Chunk generated with 4552 vertices, 6828 indices, and 1 collision shape
Chunk generated with 4176 vertices, 6264 indices, and 1 collision shape
Chunk generated with 4472 vertices, 6708 indices, and 1 collision shape
Project FPS: 108 (9.25 mspf)
Project FPS: 103 (9.70 mspf)
Project FPS: 110 (9.09 mspf)
Project FPS: 116 (8.62 mspf)
Project FPS: 106 (9.43 mspf)
Project FPS: 110 (9.09 mspf)
Project FPS: 120 (8.33 mspf)
Project FPS: 122 (8.19 mspf)
Project FPS: 110 (9.09 mspf)
Project FPS: 119 (8.40 mspf)
Project FPS: 111 (9.00 mspf)
Project FPS: 110 (9.09 mspf)
Project FPS: 115 (8.69 mspf)
Project FPS: 122 (8.19 mspf)
Project FPS: 127 (7.87 mspf)
Project FPS: 154 (6.49 mspf)
Project FPS: 176 (5.68 mspf)
Project FPS: 180 (5.55 mspf)
Project FPS: 180 (5.55 mspf)
Project FPS: 180 (5.55 mspf)
Project FPS: 180 (5.55 mspf)
Project FPS: 177 (5.64 mspf)
