Godot Engine v4.2.2.stable.mono.official.15073afe3 - https://godotengine.org
Vulkan API 1.4.308 - Forward+ - Using Vulkan Device #0: AMD - AMD Radeon RX 7900 XT
Requested V-Sync mode: Enabled - FPS will likely be capped to the monitor refresh rate.
 
Chunk generated with 488 vertices, 732 indices, and 1 collision shape
Chunk generated with 344 vertices, 516 indices, and 1 collision shape
Chunk generated with 404 vertices, 606 indices, and 1 collision shape
Chunk generated with 256 vertices, 384 indices, and 1 collision shape
Chunk generated with 384 vertices, 576 indices, and 1 collision shape
Chunk generated with 432 vertices, 648 indices, and 1 collision shape
Chunk generated with 372 vertices, 558 indices, and 1 collision shape
Chunk generated with 348 vertices, 522 indices, and 1 collision shape
Chunk generated with 408 vertices, 612 indices, and 1 collision shape
Chunk generated with 340 vertices, 510 indices, and 1 collision shape
Chunk generated with 396 vertices, 594 indices, and 1 collision shape
Chunk generated with 396 vertices, 594 indices, and 1 collision shape
Chunk generated with 284 vertices, 426 indices, and 1 collision shape
Chunk generated with 388 vertices, 582 indices, and 1 collision shape
Chunk generated with 340 vertices, 510 indices, and 1 collision shape
Chunk generated with 404 vertices, 606 indices, and 1 collision shape
Chunk generated with 272 vertices, 408 indices, and 1 collision shape
Chunk generated with 304 vertices, 456 indices, and 1 collision shape
Chunk generated with 472 vertices, 708 indices, and 1 collision shape
Chunk generated with 444 vertices, 666 indices, and 1 collision shape
Chunk generated with 368 vertices, 552 indices, and 1 collision shape
Chunk generated with 324 vertices, 486 indices, and 1 collision shape
Chunk generated with 516 vertices, 774 indices, and 1 collision shape
Chunk generated with 484 vertices, 726 indices, and 1 collision shape
Chunk generated with 468 vertices, 702 indices, and 1 collision shape
Chunk generated with 388 vertices, 582 indices, and 1 collision shape
Chunk generated with 320 vertices, 480 indices, and 1 collision shape
Chunk generated with 464 vertices, 696 indices, and 1 collision shape
Chunk generated with 444 vertices, 666 indices, and 1 collision shape
Chunk generated with 356 vertices, 534 indices, and 1 collision shape
Chunk generated with 332 vertices, 498 indices, and 1 collision shape
Chunk generated with 568 vertices, 852 indices, and 1 collision shape
Chunk generated with 640 vertices, 960 indices, and 1 collision shape
Chunk generated with 416 vertices, 624 indices, and 1 collision shape
Chunk generated with 424 vertices, 636 indices, and 1 collision shape
Chunk generated with 388 vertices, 582 indices, and 1 collision shape
Chunk generated with 324 vertices, 486 indices, and 1 collision shape
Chunk generated with 324 vertices, 486 indices, and 1 collision shape
Chunk generated with 440 vertices, 660 indices, and 1 collision shape
Chunk generated with 408 vertices, 612 indices, and 1 collision shape
Chunk generated with 400 vertices, 600 indices, and 1 collision shape
Chunk generated with 460 vertices, 690 indices, and 1 collision shape
Chunk generated with 384 vertices, 576 indices, and 1 collision shape
Chunk generated with 312 vertices, 468 indices, and 1 collision shape
Chunk generated with 388 vertices, 582 indices, and 1 collision shape
Chunk generated with 420 vertices, 630 indices, and 1 collision shape
Chunk generated with 404 vertices, 606 indices, and 1 collision shape
Chunk generated with 492 vertices, 738 indices, and 1 collision shape
Chunk generated with 408 vertices, 612 indices, and 1 collision shape
Chunk generated with 472 vertices, 708 indices, and 1 collision shape
Chunk generated with 452 vertices, 678 indices, and 1 collision shape
Chunk generated with 424 vertices, 636 indices, and 1 collision shape
Chunk generated with 356 vertices, 534 indices, and 1 collision shape
Chunk generated with 328 vertices, 492 indices, and 1 collision shape
Chunk generated with 356 vertices, 534 indices, and 1 collision shape
Chunk generated with 400 vertices, 600 indices, and 1 collision shape
Chunk generated with 336 vertices, 504 indices, and 1 collision shape
Chunk generated with 372 vertices, 558 indices, and 1 collision shape
Chunk generated with 416 vertices, 624 indices, and 1 collision shape
Chunk generated with 488 vertices, 732 indices, and 1 collision shape
Chunk generated with 372 vertices, 558 indices, and 1 collision shape
Chunk generated with 256 vertices, 384 indices, and 1 collision shape
Chunk generated with 312 vertices, 468 indices, and 1 collision shape
Chunk generated with 388 vertices, 582 indices, and 1 collision shape
Chunk generated with 440 vertices, 660 indices, and 1 collision shape
Chunk generated with 428 vertices, 642 indices, and 1 collision shape
Chunk generated with 380 vertices, 570 indices, and 1 collision shape
Chunk generated with 352 vertices, 528 indices, and 1 collision shape
Chunk generated with 376 vertices, 564 indices, and 1 collision shape
Chunk generated with 444 vertices, 666 indices, and 1 collision shape
Chunk generated with 472 vertices, 708 indices, and 1 collision shape
Chunk generated with 420 vertices, 630 indices, and 1 collision shape
Chunk generated with 388 vertices, 582 indices, and 1 collision shape
Chunk generated with 388 vertices, 582 indices, and 1 collision shape
Chunk generated with 384 vertices, 576 indices, and 1 collision shape
Chunk generated with 420 vertices, 630 indices, and 1 collision shape
Chunk generated with 356 vertices, 534 indices, and 1 collision shape
Chunk generated with 360 vertices, 540 indices, and 1 collision shape
Chunk generated with 312 vertices, 468 indices, and 1 collision shape
Chunk generated with 484 vertices, 726 indices, and 1 collision shape
Chunk generated with 492 vertices, 738 indices, and 1 collision shape
Project FPS: 133 (7.51 mspf)
Project FPS: 136 (7.35 mspf)
Project FPS: 145 (6.89 mspf)
Project FPS: 140 (7.14 mspf)
Project FPS: 144 (6.94 mspf)
Project FPS: 180 (5.55 mspf)
Project FPS: 181 (5.52 mspf)
Project FPS: 180 (5.55 mspf)
Project FPS: 162 (6.17 mspf)
Project FPS: 146 (6.84 mspf)
Project FPS: 145 (6.89 mspf)
Project FPS: 134 (7.46 mspf)
Project FPS: 142 (7.04 mspf)
Project FPS: 143 (6.99 mspf)
Project FPS: 150 (6.66 mspf)
Project FPS: 180 (5.55 mspf)
Project FPS: 180 (5.55 mspf)
Project FPS: 180 (5.55 mspf)
Project FPS: 180 (5.55 mspf)
Project FPS: 181 (5.52 mspf)
Project FPS: 180 (5.55 mspf)
Project FPS: 180 (5.55 mspf)
Project FPS: 180 (5.55 mspf)
Project FPS: 180 (5.55 mspf)
Project FPS: 180 (5.55 mspf)
Project FPS: 180 (5.55 mspf)
Project FPS: 180 (5.55 mspf)
Project FPS: 180 (5.55 mspf)
Project FPS: 180 (5.55 mspf)
Project FPS: 180 (5.55 mspf)
Project FPS: 180 (5.55 mspf)
Project FPS: 181 (5.52 mspf)
Project FPS: 180 (5.55 mspf)
Project FPS: 180 (5.55 mspf)
Project FPS: 180 (5.55 mspf)
Project FPS: 180 (5.55 mspf)
Project FPS: 180 (5.55 mspf)
Project FPS: 180 (5.55 mspf)
Project FPS: 180 (5.55 mspf)
Project FPS: 180 (5.55 mspf)
Project FPS: 180 (5.55 mspf)
Project FPS: 180 (5.55 mspf)
Project FPS: 180 (5.55 mspf)
Project FPS: 180 (5.55 mspf)
Project FPS: 180 (5.55 mspf)
Project FPS: 180 (5.55 mspf)
Project FPS: 180 (5.55 mspf)
Project FPS: 180 (5.55 mspf)
Project FPS: 180 (5.55 mspf)
Project FPS: 180 (5.55 mspf)
Project FPS: 180 (5.55 mspf)
Project FPS: 180 (5.55 mspf)
Project FPS: 180 (5.55 mspf)
Project FPS: 179 (5.58 mspf)
