Godot Engine v4.2.2.stable.mono.official.15073afe3 - https://godotengine.org
Vulkan API 1.4.308 - Forward+ - Using Vulkan Device #0: AMD - AMD Radeon RX 7900 XT
Requested V-Sync mode: Enabled - FPS will likely be capped to the monitor refresh rate.
 
Spawning chunk at (-10, 0, -10)
Spawning chunk at (-10, 0, -9)
Spawning chunk at (-10, 0, -8)
Spawning chunk at (-10, 0, -7)
Spawning chunk at (-10, 0, -6)
Spawning chunk at (-10, 0, -5)
Spawning chunk at (-10, 0, -4)
Spawning chunk at (-10, 0, -3)
Spawning chunk at (-10, 0, -2)
Spawning chunk at (-10, 0, -1)
Spawning chunk at (-10, 0, 0)
Spawning chunk at (-10, 0, 1)
Spawning chunk at (-10, 0, 2)
Spawning chunk at (-10, 0, 3)
Spawning chunk at (-10, 0, 4)
Spawning chunk at (-10, 0, 5)
Spawning chunk at (-10, 0, 6)
Spawning chunk at (-10, 0, 7)
Spawning chunk at (-10, 0, 8)
Spawning chunk at (-10, 0, 9)
Spawning chunk at (-9, 0, -10)
Spawning chunk at (-9, 0, -9)
Spawning chunk at (-9, 0, -8)
Spawning chunk at (-9, 0, -7)
Spawning chunk at (-9, 0, -6)
Spawning chunk at (-9, 0, -5)
Spawning chunk at (-9, 0, -4)
Spawning chunk at (-9, 0, -3)
Spawning chunk at (-9, 0, -2)
Spawning chunk at (-9, 0, -1)
Spawning chunk at (-9, 0, 0)
Spawning chunk at (-9, 0, 1)
Spawning chunk at (-9, 0, 2)
Spawning chunk at (-9, 0, 3)
Spawning chunk at (-9, 0, 4)
Spawning chunk at (-9, 0, 5)
Spawning chunk at (-9, 0, 6)
Spawning chunk at (-9, 0, 7)
Spawning chunk at (-9, 0, 8)
Spawning chunk at (-9, 0, 9)
Spawning chunk at (-8, 0, -10)
Spawning chunk at (-8, 0, -9)
Spawning chunk at (-8, 0, -8)
Spawning chunk at (-8, 0, -7)
Spawning chunk at (-8, 0, -6)
Spawning chunk at (-8, 0, -5)
Spawning chunk at (-8, 0, -4)
Spawning chunk at (-8, 0, -3)
Spawning chunk at (-8, 0, -2)
Spawning chunk at (-8, 0, -1)
Spawning chunk at (-8, 0, 0)
Spawning chunk at (-8, 0, 1)
Spawning chunk at (-8, 0, 2)
Spawning chunk at (-8, 0, 3)
Spawning chunk at (-8, 0, 4)
Spawning chunk at (-8, 0, 5)
Spawning chunk at (-8, 0, 6)
Spawning chunk at (-8, 0, 7)
Spawning chunk at (-8, 0, 8)
Spawning chunk at (-8, 0, 9)
Spawning chunk at (-7, 0, -10)
Spawning chunk at (-7, 0, -9)
Spawning chunk at (-7, 0, -8)
Spawning chunk at (-7, 0, -7)
Spawning chunk at (-7, 0, -6)
Spawning chunk at (-7, 0, -5)
Spawning chunk at (-7, 0, -4)
Spawning chunk at (-7, 0, -3)
Spawning chunk at (-7, 0, -2)
Spawning chunk at (-7, 0, -1)
Spawning chunk at (-7, 0, 0)
Spawning chunk at (-7, 0, 1)
Spawning chunk at (-7, 0, 2)
Spawning chunk at (-7, 0, 3)
Spawning chunk at (-7, 0, 4)
Spawning chunk at (-7, 0, 5)
Spawning chunk at (-7, 0, 6)
Spawning chunk at (-7, 0, 7)
Spawning chunk at (-7, 0, 8)
Spawning chunk at (-7, 0, 9)
Spawning chunk at (-6, 0, -10)
Spawning chunk at (-6, 0, -9)
Spawning chunk at (-6, 0, -8)
Spawning chunk at (-6, 0, -7)
Spawning chunk at (-6, 0, -6)
Spawning chunk at (-6, 0, -5)
Spawning chunk at (-6, 0, -4)
Spawning chunk at (-6, 0, -3)
Spawning chunk at (-6, 0, -2)
Spawning chunk at (-6, 0, -1)
Spawning chunk at (-6, 0, 0)
Spawning chunk at (-6, 0, 1)
Spawning chunk at (-6, 0, 2)
Spawning chunk at (-6, 0, 3)
Spawning chunk at (-6, 0, 4)
Spawning chunk at (-6, 0, 5)
Spawning chunk at (-6, 0, 6)
Spawning chunk at (-6, 0, 7)
Spawning chunk at (-6, 0, 8)
Spawning chunk at (-6, 0, 9)
Spawning chunk at (-5, 0, -10)
Spawning chunk at (-5, 0, -9)
Spawning chunk at (-5, 0, -8)
Spawning chunk at (-5, 0, -7)
Spawning chunk at (-5, 0, -6)
Spawning chunk at (-5, 0, -5)
Spawning chunk at (-5, 0, -4)
Spawning chunk at (-5, 0, -3)
Spawning chunk at (-5, 0, -2)
Spawning chunk at (-5, 0, -1)
Spawning chunk at (-5, 0, 0)
Spawning chunk at (-5, 0, 1)
Spawning chunk at (-5, 0, 2)
Spawning chunk at (-5, 0, 3)
Spawning chunk at (-5, 0, 4)
Spawning chunk at (-5, 0, 5)
Spawning chunk at (-5, 0, 6)
Spawning chunk at (-5, 0, 7)
Spawning chunk at (-5, 0, 8)
Spawning chunk at (-5, 0, 9)
Spawning chunk at (-4, 0, -10)
Spawning chunk at (-4, 0, -9)
Spawning chunk at (-4, 0, -8)
Spawning chunk at (-4, 0, -7)
Spawning chunk at (-4, 0, -6)
Spawning chunk at (-4, 0, -5)
Spawning chunk at (-4, 0, -4)
Spawning chunk at (-4, 0, -3)
Spawning chunk at (-4, 0, -2)
Spawning chunk at (-4, 0, -1)
Spawning chunk at (-4, 0, 0)
Spawning chunk at (-4, 0, 1)
Spawning chunk at (-4, 0, 2)
Spawning chunk at (-4, 0, 3)
Spawning chunk at (-4, 0, 4)
Spawning chunk at (-4, 0, 5)
Spawning chunk at (-4, 0, 6)
Spawning chunk at (-4, 0, 7)
Spawning chunk at (-4, 0, 8)
Spawning chunk at (-4, 0, 9)
Spawning chunk at (-3, 0, -10)
Spawning chunk at (-3, 0, -9)
Spawning chunk at (-3, 0, -8)
Spawning chunk at (-3, 0, -7)
Spawning chunk at (-3, 0, -6)
Spawning chunk at (-3, 0, -5)
Spawning chunk at (-3, 0, -4)
Spawning chunk at (-3, 0, -3)
Spawning chunk at (-3, 0, -2)
Spawning chunk at (-3, 0, -1)
Spawning chunk at (-3, 0, 0)
Spawning chunk at (-3, 0, 1)
Spawning chunk at (-3, 0, 2)
Spawning chunk at (-3, 0, 3)
Spawning chunk at (-3, 0, 4)
Spawning chunk at (-3, 0, 5)
Spawning chunk at (-3, 0, 6)
Spawning chunk at (-3, 0, 7)
Spawning chunk at (-3, 0, 8)
Spawning chunk at (-3, 0, 9)
Spawning chunk at (-2, 0, -10)
Spawning chunk at (-2, 0, -9)
Spawning chunk at (-2, 0, -8)
Spawning chunk at (-2, 0, -7)
Spawning chunk at (-2, 0, -6)
Spawning chunk at (-2, 0, -5)
Spawning chunk at (-2, 0, -4)
Spawning chunk at (-2, 0, -3)
Spawning chunk at (-2, 0, -2)
Spawning chunk at (-2, 0, -1)
Spawning chunk at (-2, 0, 0)
Spawning chunk at (-2, 0, 1)
Spawning chunk at (-2, 0, 2)
Spawning chunk at (-2, 0, 3)
Spawning chunk at (-2, 0, 4)
Spawning chunk at (-2, 0, 5)
Spawning chunk at (-2, 0, 6)
Spawning chunk at (-2, 0, 7)
Spawning chunk at (-2, 0, 8)
Spawning chunk at (-2, 0, 9)
Spawning chunk at (-1, 0, -10)
Spawning chunk at (-1, 0, -9)
Spawning chunk at (-1, 0, -8)
Spawning chunk at (-1, 0, -7)
Spawning chunk at (-1, 0, -6)
Spawning chunk at (-1, 0, -5)
Spawning chunk at (-1, 0, -4)
Spawning chunk at (-1, 0, -3)
Spawning chunk at (-1, 0, -2)
Spawning chunk at (-1, 0, -1)
Spawning chunk at (-1, 0, 0)
Spawning chunk at (-1, 0, 1)
Spawning chunk at (-1, 0, 2)
Spawning chunk at (-1, 0, 3)
Spawning chunk at (-1, 0, 4)
Spawning chunk at (-1, 0, 5)
Spawning chunk at (-1, 0, 6)
Spawning chunk at (-1, 0, 7)
Spawning chunk at (-1, 0, 8)
Spawning chunk at (-1, 0, 9)
Spawning chunk at (0, 0, -10)
Spawning chunk at (0, 0, -9)
Spawning chunk at (0, 0, -8)
Spawning chunk at (0, 0, -7)
Spawning chunk at (0, 0, -6)
Spawning chunk at (0, 0, -5)
Spawning chunk at (0, 0, -4)
Spawning chunk at (0, 0, -3)
Spawning chunk at (0, 0, -2)
Spawning chunk at (0, 0, -1)
Spawning chunk at (0, 0, 0)
Spawning chunk at (0, 0, 1)
Spawning chunk at (0, 0, 2)
Spawning chunk at (0, 0, 3)
Spawning chunk at (0, 0, 4)
Spawning chunk at (0, 0, 5)
Spawning chunk at (0, 0, 6)
Spawning chunk at (0, 0, 7)
Spawning chunk at (0, 0, 8)
Spawning chunk at (0, 0, 9)
Spawning chunk at (1, 0, -10)
Spawning chunk at (1, 0, -9)
Spawning chunk at (1, 0, -8)
Spawning chunk at (1, 0, -7)
Spawning chunk at (1, 0, -6)
Spawning chunk at (1, 0, -5)
Spawning chunk at (1, 0, -4)
Spawning chunk at (1, 0, -3)
Spawning chunk at (1, 0, -2)
Spawning chunk at (1, 0, -1)
Spawning chunk at (1, 0, 0)
Spawning chunk at (1, 0, 1)
Spawning chunk at (1, 0, 2)
Spawning chunk at (1, 0, 3)
Spawning chunk at (1, 0, 4)
Spawning chunk at (1, 0, 5)
Spawning chunk at (1, 0, 6)
Spawning chunk at (1, 0, 7)
Spawning chunk at (1, 0, 8)
Spawning chunk at (1, 0, 9)
Spawning chunk at (2, 0, -10)
Spawning chunk at (2, 0, -9)
Spawning chunk at (2, 0, -8)
Spawning chunk at (2, 0, -7)
Spawning chunk at (2, 0, -6)
Spawning chunk at (2, 0, -5)
Spawning chunk at (2, 0, -4)
Spawning chunk at (2, 0, -3)
Spawning chunk at (2, 0, -2)
Spawning chunk at (2, 0, -1)
Spawning chunk at (2, 0, 0)
Spawning chunk at (2, 0, 1)
Spawning chunk at (2, 0, 2)
Spawning chunk at (2, 0, 3)
Spawning chunk at (2, 0, 4)
Spawning chunk at (2, 0, 5)
Spawning chunk at (2, 0, 6)
Spawning chunk at (2, 0, 7)
Spawning chunk at (2, 0, 8)
Spawning chunk at (2, 0, 9)
Spawning chunk at (3, 0, -10)
Spawning chunk at (3, 0, -9)
Spawning chunk at (3, 0, -8)
Spawning chunk at (3, 0, -7)
Spawning chunk at (3, 0, -6)
Spawning chunk at (3, 0, -5)
Spawning chunk at (3, 0, -4)
Spawning chunk at (3, 0, -3)
Spawning chunk at (3, 0, -2)
Spawning chunk at (3, 0, -1)
Spawning chunk at (3, 0, 0)
Spawning chunk at (3, 0, 1)
Spawning chunk at (3, 0, 2)
Spawning chunk at (3, 0, 3)
Spawning chunk at (3, 0, 4)
Spawning chunk at (3, 0, 5)
Spawning chunk at (3, 0, 6)
Spawning chunk at (3, 0, 7)
Spawning chunk at (3, 0, 8)
Spawning chunk at (3, 0, 9)
Spawning chunk at (4, 0, -10)
Spawning chunk at (4, 0, -9)
Spawning chunk at (4, 0, -8)
Spawning chunk at (4, 0, -7)
Spawning chunk at (4, 0, -6)
Spawning chunk at (4, 0, -5)
Spawning chunk at (4, 0, -4)
Spawning chunk at (4, 0, -3)
Spawning chunk at (4, 0, -2)
Spawning chunk at (4, 0, -1)
Spawning chunk at (4, 0, 0)
Spawning chunk at (4, 0, 1)
Spawning chunk at (4, 0, 2)
Spawning chunk at (4, 0, 3)
Spawning chunk at (4, 0, 4)
Spawning chunk at (4, 0, 5)
Spawning chunk at (4, 0, 6)
Spawning chunk at (4, 0, 7)
Spawning chunk at (4, 0, 8)
Spawning chunk at (4, 0, 9)
Spawning chunk at (5, 0, -10)
Spawning chunk at (5, 0, -9)
Spawning chunk at (5, 0, -8)
Spawning chunk at (5, 0, -7)
Spawning chunk at (5, 0, -6)
Spawning chunk at (5, 0, -5)
Spawning chunk at (5, 0, -4)
Spawning chunk at (5, 0, -3)
Spawning chunk at (5, 0, -2)
Spawning chunk at (5, 0, -1)
Spawning chunk at (5, 0, 0)
Spawning chunk at (5, 0, 1)
Spawning chunk at (5, 0, 2)
Spawning chunk at (5, 0, 3)
Spawning chunk at (5, 0, 4)
Spawning chunk at (5, 0, 5)
Spawning chunk at (5, 0, 6)
Spawning chunk at (5, 0, 7)
Spawning chunk at (5, 0, 8)
Spawning chunk at (5, 0, 9)
Spawning chunk at (6, 0, -10)
Spawning chunk at (6, 0, -9)
Spawning chunk at (6, 0, -8)
Spawning chunk at (6, 0, -7)
Spawning chunk at (6, 0, -6)
Spawning chunk at (6, 0, -5)
Spawning chunk at (6, 0, -4)
Spawning chunk at (6, 0, -3)
Spawning chunk at (6, 0, -2)
Spawning chunk at (6, 0, -1)
Spawning chunk at (6, 0, 0)
Spawning chunk at (6, 0, 1)
Spawning chunk at (6, 0, 2)
Spawning chunk at (6, 0, 3)
Spawning chunk at (6, 0, 4)
Spawning chunk at (6, 0, 5)
Spawning chunk at (6, 0, 6)
Spawning chunk at (6, 0, 7)
Spawning chunk at (6, 0, 8)
Spawning chunk at (6, 0, 9)
Spawning chunk at (7, 0, -10)
Spawning chunk at (7, 0, -9)
Spawning chunk at (7, 0, -8)
Spawning chunk at (7, 0, -7)
Spawning chunk at (7, 0, -6)
Spawning chunk at (7, 0, -5)
Spawning chunk at (7, 0, -4)
Spawning chunk at (7, 0, -3)
Spawning chunk at (7, 0, -2)
Spawning chunk at (7, 0, -1)
Spawning chunk at (7, 0, 0)
Spawning chunk at (7, 0, 1)
Spawning chunk at (7, 0, 2)
Spawning chunk at (7, 0, 3)
Spawning chunk at (7, 0, 4)
Spawning chunk at (7, 0, 5)
Spawning chunk at (7, 0, 6)
Spawning chunk at (7, 0, 7)
Spawning chunk at (7, 0, 8)
Spawning chunk at (7, 0, 9)
Spawning chunk at (8, 0, -10)
Spawning chunk at (8, 0, -9)
Spawning chunk at (8, 0, -8)
Spawning chunk at (8, 0, -7)
Spawning chunk at (8, 0, -6)
Spawning chunk at (8, 0, -5)
Spawning chunk at (8, 0, -4)
Spawning chunk at (8, 0, -3)
Spawning chunk at (8, 0, -2)
Spawning chunk at (8, 0, -1)
Spawning chunk at (8, 0, 0)
Spawning chunk at (8, 0, 1)
Spawning chunk at (8, 0, 2)
Spawning chunk at (8, 0, 3)
Spawning chunk at (8, 0, 4)
Spawning chunk at (8, 0, 5)
Spawning chunk at (8, 0, 6)
Spawning chunk at (8, 0, 7)
Spawning chunk at (8, 0, 8)
Spawning chunk at (8, 0, 9)
Spawning chunk at (9, 0, -10)
Spawning chunk at (9, 0, -9)
Spawning chunk at (9, 0, -8)
Spawning chunk at (9, 0, -7)
Spawning chunk at (9, 0, -6)
Spawning chunk at (9, 0, -5)
Spawning chunk at (9, 0, -4)
Spawning chunk at (9, 0, -3)
Spawning chunk at (9, 0, -2)
Spawning chunk at (9, 0, -1)
Spawning chunk at (9, 0, 0)
Spawning chunk at (9, 0, 1)
Spawning chunk at (9, 0, 2)
Spawning chunk at (9, 0, 3)
Spawning chunk at (9, 0, 4)
Spawning chunk at (9, 0, 5)
Spawning chunk at (9, 0, 6)
Spawning chunk at (9, 0, 7)
Spawning chunk at (9, 0, 8)
Spawning chunk at (9, 0, 9)
Project FPS: 157 (6.36 mspf)
Project FPS: 174 (5.74 mspf)
Project FPS: 174 (5.74 mspf)
Project FPS: 177 (5.64 mspf)
Project FPS: 171 (5.84 mspf)
Project FPS: 175 (5.71 mspf)
Project FPS: 180 (5.55 mspf)
Project FPS: 180 (5.55 mspf)
Project FPS: 180 (5.55 mspf)
Project FPS: 181 (5.52 mspf)
Project FPS: 180 (5.55 mspf)
Project FPS: 178 (5.61 mspf)
Project FPS: 180 (5.55 mspf)
Project FPS: 177 (5.64 mspf)
