Godot Engine v4.2.2.stable.mono.official.15073afe3 - https://godotengine.org
Vulkan API 1.4.308 - Forward+ - Using Vulkan Device #0: AMD - AMD Radeon RX 7900 XT
Requested V-Sync mode: Enabled - FPS will likely be capped to the monitor refresh rate.
 
Chunk generated with 772 vertices, 1158 indices
Chunk generated with 812 vertices, 1218 indices
Chunk generated with 972 vertices, 1458 indices
Chunk generated with 720 vertices, 1080 indices
Chunk generated with 776 vertices, 1164 indices
Chunk generated with 556 vertices, 834 indices
Chunk generated with 660 vertices, 990 indices
Chunk generated with 620 vertices, 930 indices
Chunk generated with 784 vertices, 1176 indices
Chunk generated with 740 vertices, 1110 indices
Chunk generated with 784 vertices, 1176 indices
Chunk generated with 668 vertices, 1002 indices
Chunk generated with 868 vertices, 1302 indices
Chunk generated with 868 vertices, 1302 indices
Chunk generated with 880 vertices, 1320 indices
Chunk generated with 664 vertices, 996 indices
Chunk generated with 548 vertices, 822 indices
Chunk generated with 668 vertices, 1002 indices
Chunk generated with 536 vertices, 804 indices
Chunk generated with 716 vertices, 1074 indices
Chunk generated with 860 vertices, 1290 indices
Chunk generated with 724 vertices, 1086 indices
Chunk generated with 788 vertices, 1182 indices
Chunk generated with 760 vertices, 1140 indices
Chunk generated with 648 vertices, 972 indices
Chunk generated with 844 vertices, 1266 indices
Chunk generated with 888 vertices, 1332 indices
Chunk generated with 628 vertices, 942 indices
Chunk generated with 728 vertices, 1092 indices
Chunk generated with 628 vertices, 942 indices
Chunk generated with 828 vertices, 1242 indices
Chunk generated with 740 vertices, 1110 indices
Chunk generated with 768 vertices, 1152 indices
Chunk generated with 868 vertices, 1302 indices
Chunk generated with 648 vertices, 972 indices
Chunk generated with 624 vertices, 936 indices
Chunk generated with 668 vertices, 1002 indices
Chunk generated with 960 vertices, 1440 indices
Chunk generated with 720 vertices, 1080 indices
Chunk generated with 648 vertices, 972 indices
Chunk generated with 776 vertices, 1164 indices
Chunk generated with 748 vertices, 1122 indices
Chunk generated with 684 vertices, 1026 indices
Chunk generated with 744 vertices, 1116 indices
Chunk generated with 872 vertices, 1308 indices
Chunk generated with 696 vertices, 1044 indices
Chunk generated with 544 vertices, 816 indices
Chunk generated with 648 vertices, 972 indices
Chunk generated with 776 vertices, 1164 indices
Chunk generated with 832 vertices, 1248 indices
Chunk generated with 664 vertices, 996 indices
Chunk generated with 924 vertices, 1386 indices
Chunk generated with 660 vertices, 990 indices
Chunk generated with 640 vertices, 960 indices
Chunk generated with 712 vertices, 1068 indices
Chunk generated with 572 vertices, 858 indices
Chunk generated with 712 vertices, 1068 indices
Chunk generated with 564 vertices, 846 indices
Chunk generated with 732 vertices, 1098 indices
Chunk generated with 808 vertices, 1212 indices
Chunk generated with 660 vertices, 990 indices
Chunk generated with 724 vertices, 1086 indices
Chunk generated with 784 vertices, 1176 indices
Chunk generated with 836 vertices, 1254 indices
Project FPS: 123 (8.13 mspf)
Project FPS: 109 (9.17 mspf)
Project FPS: 121 (8.26 mspf)
Project FPS: 119 (8.40 mspf)
Project FPS: 151 (6.62 mspf)
Project FPS: 180 (5.55 mspf)
Project FPS: 180 (5.55 mspf)
Project FPS: 180 (5.55 mspf)
Project FPS: 180 (5.55 mspf)
Project FPS: 180 (5.55 mspf)
Project FPS: 180 (5.55 mspf)
Project FPS: 181 (5.52 mspf)
Project FPS: 180 (5.55 mspf)
Project FPS: 178 (5.61 mspf)
