Godot Engine v4.2.2.stable.mono.official.15073afe3 - https://godotengine.org
Vulkan API 1.4.308 - Forward+ - Using Vulkan Device #0: AMD - AMD Radeon RX 7900 XT
Requested V-Sync mode: Enabled - FPS will likely be capped to the monitor refresh rate.
 
USER ERROR: Condition "!is_inside_tree()" is true. Returning: Transform3D()
   at: get_global_transform (scene/3d/node_3d.cpp:343)
Chunk generated with 4448 vertices, 6672 indices, and 1 collision shape
USER ERROR: Condition "!is_inside_tree()" is true. Returning: Transform3D()
   at: get_global_transform (scene/3d/node_3d.cpp:343)
Chunk generated with 3904 vertices, 5856 indices, and 1 collision shape
USER ERROR: Condition "!is_inside_tree()" is true. Returning: Transform3D()
   at: get_global_transform (scene/3d/node_3d.cpp:343)
Chunk generated with 3432 vertices, 5148 indices, and 1 collision shape
USER ERROR: Condition "!is_inside_tree()" is true. Returning: Transform3D()
   at: get_global_transform (scene/3d/node_3d.cpp:343)
Chunk generated with 4752 vertices, 7128 indices, and 1 collision shape
USER ERROR: Condition "!is_inside_tree()" is true. Returning: Transform3D()
   at: get_global_transform (scene/3d/node_3d.cpp:343)
Chunk generated with 4216 vertices, 6324 indices, and 1 collision shape
USER ERROR: Condition "!is_inside_tree()" is true. Returning: Transform3D()
   at: get_global_transform (scene/3d/node_3d.cpp:343)
Chunk generated with 3640 vertices, 5460 indices, and 1 collision shape
USER ERROR: Condition "!is_inside_tree()" is true. Returning: Transform3D()
   at: get_global_transform (scene/3d/node_3d.cpp:343)
Chunk generated with 4704 vertices, 7056 indices, and 1 collision shape
USER ERROR: Condition "!is_inside_tree()" is true. Returning: Transform3D()
   at: get_global_transform (scene/3d/node_3d.cpp:343)
Chunk generated with 4432 vertices, 6648 indices, and 1 collision shape
USER ERROR: Condition "!is_inside_tree()" is true. Returning: Transform3D()
   at: get_global_transform (scene/3d/node_3d.cpp:343)
Chunk generated with 4128 vertices, 6192 indices, and 1 collision shape
Project FPS: 171 (5.84 mspf)
Project FPS: 180 (5.55 mspf)
Project FPS: 181 (5.52 mspf)
Project FPS: 180 (5.55 mspf)
Project FPS: 179 (5.58 mspf)
Project FPS: 180 (5.55 mspf)
Project FPS: 175 (5.71 mspf)
Project FPS: 180 (5.55 mspf)
Project FPS: 144 (6.94 mspf)
